13 Apr 09:09:53 - [info] 

Welcome to Node-RED
===================

13 Apr 09:09:53 - [info] Node-RED version: v3.1.8
13 Apr 09:09:53 - [info] Node.js  version: v16.13.0
13 Apr 09:09:53 - [info] Linux 6.5.0-1013-raspi arm64 LE
13 Apr 09:09:59 - [info] Loading palette nodes
13 Apr 09:10:10 - [info] Dashboard version 3.6.5 started at /ui
13 Apr 09:10:12 - [info] Settings file  : /rules/bots/bot1/.node-red/settings.js
13 Apr 09:10:12 - [info] Context store  : 'default' [module=memory]
13 Apr 09:10:12 - [info] User directory : /rules/bots/bot1
13 Apr 09:10:12 - [warn] Projects disabled : set editorTheme.projects.enabled=true to enable
13 Apr 09:10:12 - [info] Flows file     : /rules/bots/bot1/flows_bot1.json
13 Apr 09:10:12 - [info] Server now running at http://127.0.0.1:1581/
13 Apr 09:10:12 - [warn] 

---------------------------------------------------------------------
Your flow credentials file is encrypted using a system-generated key.

If the system-generated key is lost for any reason, your credentials
file will not be recoverable, you will have to delete it and re-enter
your credentials.

You should set your own key using the 'credentialSecret' option in
your settings file. Node-RED will then re-encrypt your credentials
file using your chosen key the next time you deploy a change.
---------------------------------------------------------------------

13 Apr 09:10:12 - [info] Starting flows
13 Apr 09:10:13 - [info] [mongodb4-client:botqadb] client initialized with app name 'nodered-1npe9nzp'
13 Apr 09:10:13 - [info] [mongodb4-client:botdb] client initialized with app name 'nodered-lj7ue222'
13 Apr 09:10:14 - [info] Started flows
13 Apr 09:10:14 - [info] [mqtt-broker:mb] Connection failed to broker: mqtt://localhost:1773
13 Apr 09:10:29 - [info] [mqtt-broker:mb] Connected to broker: mqtt://localhost:1773
13 Apr 09:10:48 - [error] [mongodb4:6da6c1a91b5574b9] MongoTopologyClosedError: Topology is closed
13 Apr 09:10:48 - [error] [mongodb4:6da6c1a91b5574b9] MongoTopologyClosedError: Topology is closed
13 Apr 09:10:48 - [error] [mongodb4:6da6c1a91b5574b9] MongoTopologyClosedError: Topology is closed
13 Apr 09:10:48 - [error] [mongodb4:6da6c1a91b5574b9] MongoTopologyClosedError: Topology is closed
13 Apr 09:10:48 - [error] [mongodb4:6da6c1a91b5574b9] MongoTopologyClosedError: Topology is closed
13 Apr 09:10:48 - [error] [mongodb4:6da6c1a91b5574b9] MongoTopologyClosedError: Topology is closed
13 Apr 09:10:48 - [error] [mongodb4:6da6c1a91b5574b9] MongoServerSelectionError: Server selection timed out after 30000 ms
13 Apr 09:11:23 - [error] [mongodb4:6da6c1a91b5574b9] MongoServerSelectionError: connect ENETUNREACH 1.1.1.1:29017
13 Apr 09:11:23 - [error] [mongodb4:6da6c1a91b5574b9] MongoServerSelectionError: connect ENETUNREACH 1.1.1.1:29017
13 Apr 09:11:23 - [error] [mongodb4:6da6c1a91b5574b9] MongoServerSelectionError: connect ENETUNREACH 1.1.1.1:29017
13 Apr 09:11:23 - [error] [mongodb4:6da6c1a91b5574b9] MongoServerSelectionError: connect ENETUNREACH 1.1.1.1:29017
13 Apr 09:11:23 - [error] [mongodb4:6da6c1a91b5574b9] MongoServerSelectionError: connect ENETUNREACH 1.1.1.1:29017
13 Apr 09:11:23 - [error] [mongodb4:6da6c1a91b5574b9] MongoServerSelectionError: connect ENETUNREACH 1.1.1.1:29017
13 Apr 09:11:23 - [error] [mongodb4:6da6c1a91b5574b9] MongoServerSelectionError: connect ENETUNREACH 1.1.1.1:29017
13 Apr 09:11:58 - [error] [mongodb4:6da6c1a91b5574b9] MongoServerSelectionError: connect ENETUNREACH 1.1.1.1:29017
13 Apr 09:11:58 - [error] [mongodb4:6da6c1a91b5574b9] MongoServerSelectionError: connect ENETUNREACH 1.1.1.1:29017
13 Apr 09:11:58 - [error] [mongodb4:6da6c1a91b5574b9] MongoServerSelectionError: connect ENETUNREACH 1.1.1.1:29017
13 Apr 09:11:58 - [error] [mongodb4:6da6c1a91b5574b9] MongoServerSelectionError: connect ENETUNREACH 1.1.1.1:29017
13 Apr 09:11:58 - [error] [mongodb4:6da6c1a91b5574b9] MongoServerSelectionError: connect ENETUNREACH 1.1.1.1:29017
13 Apr 09:11:58 - [error] [mongodb4:6da6c1a91b5574b9] MongoServerSelectionError: connect ENETUNREACH 1.1.1.1:29017
13 Apr 09:12:28 - [error] [mongodb4:6da6c1a91b5574b9] MongoServerSelectionError: Server selection timed out after 30000 ms
13 Apr 09:12:28 - [error] [mongodb4:6da6c1a91b5574b9] MongoServerSelectionError: Server selection timed out after 30000 ms
13 Apr 09:12:28 - [error] [mongodb4:6da6c1a91b5574b9] MongoServerSelectionError: Server selection timed out after 30000 ms
13 Apr 09:12:28 - [error] [mongodb4:6da6c1a91b5574b9] MongoServerSelectionError: Server selection timed out after 30000 ms
13 Apr 09:12:28 - [error] [mongodb4:6da6c1a91b5574b9] MongoServerSelectionError: Server selection timed out after 30000 ms
13 Apr 09:12:28 - [error] [mongodb4:6da6c1a91b5574b9] MongoServerSelectionError: Server selection timed out after 30000 ms
13 Apr 09:12:28 - [error] [mongodb4:6da6c1a91b5574b9] MongoServerSelectionError: Server selection timed out after 30000 ms
13 Apr 09:13:03 - [error] [mongodb4:6da6c1a91b5574b9] MongoServerSelectionError: Server selection timed out after 30000 ms
13 Apr 09:13:03 - [error] [mongodb4:6da6c1a91b5574b9] MongoServerSelectionError: Server selection timed out after 30000 ms
13 Apr 09:13:03 - [error] [mongodb4:6da6c1a91b5574b9] MongoServerSelectionError: Server selection timed out after 30000 ms
13 Apr 09:13:03 - [error] [mongodb4:6da6c1a91b5574b9] MongoServerSelectionError: Server selection timed out after 30000 ms
13 Apr 09:13:03 - [error] [mongodb4:6da6c1a91b5574b9] MongoServerSelectionError: Server selection timed out after 30000 ms
13 Apr 09:13:03 - [error] [mongodb4:6da6c1a91b5574b9] MongoServerSelectionError: Server selection timed out after 30000 ms
13 Apr 09:13:03 - [error] [mongodb4:6da6c1a91b5574b9] MongoServerSelectionError: Server selection timed out after 30000 ms
13 Apr 09:13:38 - [error] [mongodb4:6da6c1a91b5574b9] MongoServerSelectionError: Server selection timed out after 30000 ms
13 Apr 09:13:38 - [error] [mongodb4:6da6c1a91b5574b9] MongoServerSelectionError: Server selection timed out after 30000 ms
13 Apr 09:13:38 - [error] [mongodb4:6da6c1a91b5574b9] MongoServerSelectionError: Server selection timed out after 30000 ms
13 Apr 09:13:38 - [error] [mongodb4:6da6c1a91b5574b9] MongoServerSelectionError: Server selection timed out after 30000 ms
13 Apr 09:13:38 - [error] [mongodb4:6da6c1a91b5574b9] MongoServerSelectionError: Server selection timed out after 30000 ms
13 Apr 09:13:38 - [error] [mongodb4:6da6c1a91b5574b9] MongoServerSelectionError: Server selection timed out after 30000 ms
13 Apr 09:14:08 - [error] [mongodb4:6da6c1a91b5574b9] MongoServerSelectionError: Server selection timed out after 30000 ms
13 Apr 09:14:08 - [error] [mongodb4:6da6c1a91b5574b9] MongoServerSelectionError: Server selection timed out after 30000 ms
13 Apr 09:14:08 - [error] [mongodb4:6da6c1a91b5574b9] MongoServerSelectionError: Server selection timed out after 30000 ms
13 Apr 09:14:08 - [error] [mongodb4:6da6c1a91b5574b9] MongoServerSelectionError: Server selection timed out after 30000 ms
13 Apr 09:14:08 - [error] [mongodb4:6da6c1a91b5574b9] MongoServerSelectionError: Server selection timed out after 30000 ms
13 Apr 09:14:08 - [error] [mongodb4:6da6c1a91b5574b9] MongoServerSelectionError: Server selection timed out after 30000 ms
13 Apr 09:14:38 - [error] [mongodb4:6da6c1a91b5574b9] MongoServerSelectionError: Server selection timed out after 30000 ms
13 Apr 09:14:38 - [error] [mongodb4:6da6c1a91b5574b9] MongoServerSelectionError: Server selection timed out after 30000 ms
13 Apr 09:14:38 - [error] [mongodb4:6da6c1a91b5574b9] MongoServerSelectionError: Server selection timed out after 30000 ms
13 Apr 09:14:38 - [error] [mongodb4:6da6c1a91b5574b9] MongoServerSelectionError: Server selection timed out after 30000 ms
13 Apr 09:14:38 - [error] [mongodb4:6da6c1a91b5574b9] MongoServerSelectionError: Server selection timed out after 30000 ms
13 Apr 09:14:38 - [error] [mongodb4:6da6c1a91b5574b9] MongoServerSelectionError: Server selection timed out after 30000 ms
13 Apr 09:15:08 - [error] [mongodb4:6da6c1a91b5574b9] MongoServerSelectionError: Server selection timed out after 30000 ms
13 Apr 09:15:08 - [error] [mongodb4:6da6c1a91b5574b9] MongoServerSelectionError: Server selection timed out after 30000 ms
13 Apr 09:15:08 - [error] [mongodb4:6da6c1a91b5574b9] MongoServerSelectionError: Server selection timed out after 30000 ms
13 Apr 09:15:08 - [error] [mongodb4:6da6c1a91b5574b9] MongoServerSelectionError: Server selection timed out after 30000 ms
13 Apr 09:15:08 - [error] [mongodb4:6da6c1a91b5574b9] MongoServerSelectionError: Server selection timed out after 30000 ms
13 Apr 09:15:08 - [error] [mongodb4:6da6c1a91b5574b9] MongoServerSelectionError: Server selection timed out after 30000 ms
13 Apr 09:15:08 - [error] [mongodb4:6da6c1a91b5574b9] MongoServerSelectionError: Server selection timed out after 30000 ms
13 Apr 09:15:43 - [error] [mongodb4:6da6c1a91b5574b9] MongoServerSelectionError: connect ENETUNREACH 1.1.1.1:29017
13 Apr 09:15:43 - [error] [mongodb4:6da6c1a91b5574b9] MongoServerSelectionError: connect ENETUNREACH 1.1.1.1:29017
13 Apr 09:15:43 - [error] [mongodb4:6da6c1a91b5574b9] MongoServerSelectionError: connect ENETUNREACH 1.1.1.1:29017
13 Apr 09:15:43 - [error] [mongodb4:6da6c1a91b5574b9] MongoServerSelectionError: connect ENETUNREACH 1.1.1.1:29017
13 Apr 09:15:43 - [error] [mongodb4:6da6c1a91b5574b9] MongoServerSelectionError: connect ENETUNREACH 1.1.1.1:29017
13 Apr 09:15:43 - [error] [mongodb4:6da6c1a91b5574b9] MongoServerSelectionError: connect ENETUNREACH 1.1.1.1:29017
13 Apr 09:16:13 - [error] [mongodb4:6da6c1a91b5574b9] MongoServerSelectionError: connect ENETUNREACH 1.1.1.1:29017
13 Apr 09:16:13 - [error] [mongodb4:6da6c1a91b5574b9] MongoServerSelectionError: connect ENETUNREACH 1.1.1.1:29017
13 Apr 09:16:13 - [error] [mongodb4:6da6c1a91b5574b9] MongoServerSelectionError: connect ENETUNREACH 1.1.1.1:29017
13 Apr 09:16:13 - [error] [mongodb4:6da6c1a91b5574b9] MongoServerSelectionError: connect ENETUNREACH 1.1.1.1:29017
13 Apr 09:16:13 - [error] [mongodb4:6da6c1a91b5574b9] MongoServerSelectionError: connect ENETUNREACH 1.1.1.1:29017
13 Apr 09:16:13 - [error] [mongodb4:6da6c1a91b5574b9] MongoServerSelectionError: connect ENETUNREACH 1.1.1.1:29017
13 Apr 09:16:13 - [error] [mongodb4:6da6c1a91b5574b9] MongoServerSelectionError: connect ENETUNREACH 1.1.1.1:29017
13 Apr 09:16:48 - [error] [mongodb4:6da6c1a91b5574b9] MongoServerSelectionError: Server selection timed out after 30000 ms
13 Apr 09:16:48 - [error] [mongodb4:6da6c1a91b5574b9] MongoServerSelectionError: Server selection timed out after 30000 ms
13 Apr 09:16:48 - [error] [mongodb4:6da6c1a91b5574b9] MongoServerSelectionError: Server selection timed out after 30000 ms
13 Apr 09:16:48 - [error] [mongodb4:6da6c1a91b5574b9] MongoServerSelectionError: Server selection timed out after 30000 ms
13 Apr 09:16:48 - [error] [mongodb4:6da6c1a91b5574b9] MongoServerSelectionError: Server selection timed out after 30000 ms
13 Apr 09:16:48 - [error] [mongodb4:6da6c1a91b5574b9] MongoServerSelectionError: Server selection timed out after 30000 ms
13 Apr 09:17:18 - [error] [mongodb4:6da6c1a91b5574b9] MongoServerSelectionError: Server selection timed out after 30000 ms
13 Apr 09:17:18 - [error] [mongodb4:6da6c1a91b5574b9] MongoServerSelectionError: Server selection timed out after 30000 ms
13 Apr 09:17:18 - [error] [mongodb4:6da6c1a91b5574b9] MongoServerSelectionError: Server selection timed out after 30000 ms
13 Apr 09:17:18 - [error] [mongodb4:6da6c1a91b5574b9] MongoServerSelectionError: Server selection timed out after 30000 ms
13 Apr 09:17:18 - [error] [mongodb4:6da6c1a91b5574b9] MongoServerSelectionError: Server selection timed out after 30000 ms
13 Apr 09:17:18 - [error] [mongodb4:6da6c1a91b5574b9] MongoServerSelectionError: Server selection timed out after 30000 ms
13 Apr 09:17:48 - [error] [mongodb4:6da6c1a91b5574b9] MongoServerSelectionError: Server selection timed out after 30000 ms
13 Apr 09:17:48 - [error] [mongodb4:6da6c1a91b5574b9] MongoServerSelectionError: Server selection timed out after 30000 ms
13 Apr 09:17:48 - [error] [mongodb4:6da6c1a91b5574b9] MongoServerSelectionError: Server selection timed out after 30000 ms
13 Apr 09:17:48 - [error] [mongodb4:6da6c1a91b5574b9] MongoServerSelectionError: Server selection timed out after 30000 ms
13 Apr 09:17:48 - [error] [mongodb4:6da6c1a91b5574b9] MongoServerSelectionError: Server selection timed out after 30000 ms
13 Apr 09:17:48 - [error] [mongodb4:6da6c1a91b5574b9] MongoServerSelectionError: Server selection timed out after 30000 ms
13 Apr 09:18:18 - [error] [mongodb4:6da6c1a91b5574b9] MongoServerSelectionError: Server selection timed out after 30000 ms
13 Apr 09:18:18 - [error] [mongodb4:6da6c1a91b5574b9] MongoServerSelectionError: Server selection timed out after 30000 ms
13 Apr 09:18:18 - [error] [mongodb4:6da6c1a91b5574b9] MongoServerSelectionError: Server selection timed out after 30000 ms
13 Apr 09:18:18 - [error] [mongodb4:6da6c1a91b5574b9] MongoServerSelectionError: Server selection timed out after 30000 ms
13 Apr 09:18:18 - [error] [mongodb4:6da6c1a91b5574b9] MongoServerSelectionError: Server selection timed out after 30000 ms
13 Apr 09:18:18 - [error] [mongodb4:6da6c1a91b5574b9] MongoServerSelectionError: Server selection timed out after 30000 ms
13 Apr 09:18:48 - [error] [mongodb4:6da6c1a91b5574b9] MongoServerSelectionError: Server selection timed out after 30000 ms
13 Apr 09:18:48 - [error] [mongodb4:6da6c1a91b5574b9] MongoServerSelectionError: Server selection timed out after 30000 ms
13 Apr 09:18:48 - [error] [mongodb4:6da6c1a91b5574b9] MongoServerSelectionError: Server selection timed out after 30000 ms
13 Apr 09:18:48 - [error] [mongodb4:6da6c1a91b5574b9] MongoServerSelectionError: Server selection timed out after 30000 ms
13 Apr 09:18:48 - [error] [mongodb4:6da6c1a91b5574b9] MongoServerSelectionError: Server selection timed out after 30000 ms
13 Apr 09:18:48 - [error] [mongodb4:6da6c1a91b5574b9] MongoServerSelectionError: Server selection timed out after 30000 ms
13 Apr 09:18:48 - [error] [mongodb4:6da6c1a91b5574b9] MongoServerSelectionError: Server selection timed out after 30000 ms
13 Apr 09:19:23 - [error] [mongodb4:6da6c1a91b5574b9] MongoServerSelectionError: Server selection timed out after 30000 ms
13 Apr 09:19:23 - [error] [mongodb4:6da6c1a91b5574b9] MongoServerSelectionError: Server selection timed out after 30000 ms
13 Apr 09:19:23 - [error] [mongodb4:6da6c1a91b5574b9] MongoServerSelectionError: Server selection timed out after 30000 ms
13 Apr 09:19:23 - [error] [mongodb4:6da6c1a91b5574b9] MongoServerSelectionError: Server selection timed out after 30000 ms
13 Apr 09:19:23 - [error] [mongodb4:6da6c1a91b5574b9] MongoServerSelectionError: Server selection timed out after 30000 ms
13 Apr 09:19:23 - [error] [mongodb4:6da6c1a91b5574b9] MongoServerSelectionError: Server selection timed out after 30000 ms
13 Apr 09:19:53 - [error] [mongodb4:6da6c1a91b5574b9] MongoServerSelectionError: Server selection timed out after 30000 ms
13 Apr 09:19:53 - [error] [mongodb4:6da6c1a91b5574b9] MongoServerSelectionError: Server selection timed out after 30000 ms
13 Apr 09:19:53 - [error] [mongodb4:6da6c1a91b5574b9] MongoServerSelectionError: Server selection timed out after 30000 ms
13 Apr 09:19:53 - [error] [mongodb4:6da6c1a91b5574b9] MongoServerSelectionError: Server selection timed out after 30000 ms
13 Apr 09:19:53 - [error] [mongodb4:6da6c1a91b5574b9] MongoServerSelectionError: Server selection timed out after 30000 ms
13 Apr 09:19:53 - [error] [mongodb4:6da6c1a91b5574b9] MongoServerSelectionError: Server selection timed out after 30000 ms
13 Apr 09:20:23 - [error] [mongodb4:6da6c1a91b5574b9] MongoServerSelectionError: Server selection timed out after 30000 ms
13 Apr 09:20:23 - [error] [mongodb4:6da6c1a91b5574b9] MongoServerSelectionError: Server selection timed out after 30000 ms
13 Apr 09:20:23 - [error] [mongodb4:6da6c1a91b5574b9] MongoServerSelectionError: Server selection timed out after 30000 ms
13 Apr 09:20:23 - [error] [mongodb4:6da6c1a91b5574b9] MongoServerSelectionError: Server selection timed out after 30000 ms
13 Apr 09:20:23 - [error] [mongodb4:6da6c1a91b5574b9] MongoServerSelectionError: Server selection timed out after 30000 ms
13 Apr 09:20:23 - [error] [mongodb4:6da6c1a91b5574b9] MongoServerSelectionError: Server selection timed out after 30000 ms
13 Apr 09:20:53 - [error] [mongodb4:6da6c1a91b5574b9] MongoServerSelectionError: Server selection timed out after 30000 ms
13 Apr 09:20:53 - [error] [mongodb4:6da6c1a91b5574b9] MongoServerSelectionError: Server selection timed out after 30000 ms
13 Apr 09:20:53 - [error] [mongodb4:6da6c1a91b5574b9] MongoServerSelectionError: Server selection timed out after 30000 ms
13 Apr 09:20:53 - [error] [mongodb4:6da6c1a91b5574b9] MongoServerSelectionError: Server selection timed out after 30000 ms
13 Apr 09:20:53 - [error] [mongodb4:6da6c1a91b5574b9] MongoServerSelectionError: Server selection timed out after 30000 ms
13 Apr 09:20:53 - [error] [mongodb4:6da6c1a91b5574b9] MongoServerSelectionError: Server selection timed out after 30000 ms
13 Apr 09:20:53 - [error] [mongodb4:6da6c1a91b5574b9] MongoServerSelectionError: Server selection timed out after 30000 ms
13 Apr 09:21:28 - [error] [mongodb4:6da6c1a91b5574b9] MongoServerSelectionError: Server selection timed out after 30000 ms
13 Apr 09:21:28 - [error] [mongodb4:6da6c1a91b5574b9] MongoServerSelectionError: Server selection timed out after 30000 ms
13 Apr 09:21:28 - [error] [mongodb4:6da6c1a91b5574b9] MongoServerSelectionError: Server selection timed out after 30000 ms
13 Apr 09:21:28 - [error] [mongodb4:6da6c1a91b5574b9] MongoServerSelectionError: Server selection timed out after 30000 ms
13 Apr 09:21:28 - [error] [mongodb4:6da6c1a91b5574b9] MongoServerSelectionError: Server selection timed out after 30000 ms
13 Apr 09:21:28 - [error] [mongodb4:6da6c1a91b5574b9] MongoServerSelectionError: Server selection timed out after 30000 ms
13 Apr 09:21:58 - [error] [mongodb4:6da6c1a91b5574b9] MongoServerSelectionError: Server selection timed out after 30000 ms
13 Apr 09:21:58 - [error] [mongodb4:6da6c1a91b5574b9] MongoServerSelectionError: Server selection timed out after 30000 ms
13 Apr 09:21:58 - [error] [mongodb4:6da6c1a91b5574b9] MongoServerSelectionError: Server selection timed out after 30000 ms
13 Apr 09:21:58 - [error] [mongodb4:6da6c1a91b5574b9] MongoServerSelectionError: Server selection timed out after 30000 ms
13 Apr 09:21:58 - [error] [mongodb4:6da6c1a91b5574b9] MongoServerSelectionError: Server selection timed out after 30000 ms
13 Apr 09:21:58 - [error] [mongodb4:6da6c1a91b5574b9] MongoServerSelectionError: Server selection timed out after 30000 ms
13 Apr 09:22:28 - [error] [mongodb4:6da6c1a91b5574b9] MongoServerSelectionError: Server selection timed out after 30000 ms
13 Apr 09:22:28 - [error] [mongodb4:6da6c1a91b5574b9] MongoServerSelectionError: Server selection timed out after 30000 ms
13 Apr 09:22:28 - [error] [mongodb4:6da6c1a91b5574b9] MongoServerSelectionError: Server selection timed out after 30000 ms
13 Apr 09:22:28 - [error] [mongodb4:6da6c1a91b5574b9] MongoServerSelectionError: Server selection timed out after 30000 ms
13 Apr 09:22:28 - [error] [mongodb4:6da6c1a91b5574b9] MongoServerSelectionError: Server selection timed out after 30000 ms
13 Apr 09:22:28 - [error] [mongodb4:6da6c1a91b5574b9] MongoServerSelectionError: Server selection timed out after 30000 ms
13 Apr 09:22:28 - [error] [mongodb4:6da6c1a91b5574b9] MongoServerSelectionError: Server selection timed out after 30000 ms
13 Apr 09:23:03 - [error] [mongodb4:6da6c1a91b5574b9] MongoServerSelectionError: Server selection timed out after 30000 ms
13 Apr 09:23:03 - [error] [mongodb4:6da6c1a91b5574b9] MongoServerSelectionError: Server selection timed out after 30000 ms
13 Apr 09:23:03 - [error] [mongodb4:6da6c1a91b5574b9] MongoServerSelectionError: Server selection timed out after 30000 ms
13 Apr 09:23:03 - [error] [mongodb4:6da6c1a91b5574b9] MongoServerSelectionError: Server selection timed out after 30000 ms
13 Apr 09:23:03 - [error] [mongodb4:6da6c1a91b5574b9] MongoServerSelectionError: Server selection timed out after 30000 ms
13 Apr 09:23:03 - [error] [mongodb4:6da6c1a91b5574b9] MongoServerSelectionError: Server selection timed out after 30000 ms
13 Apr 09:23:33 - [error] [mongodb4:6da6c1a91b5574b9] MongoServerSelectionError: Server selection timed out after 30000 ms
13 Apr 09:23:33 - [error] [mongodb4:6da6c1a91b5574b9] MongoServerSelectionError: Server selection timed out after 30000 ms
13 Apr 09:23:33 - [error] [mongodb4:6da6c1a91b5574b9] MongoServerSelectionError: Server selection timed out after 30000 ms
13 Apr 09:23:33 - [error] [mongodb4:6da6c1a91b5574b9] MongoServerSelectionError: Server selection timed out after 30000 ms
13 Apr 09:23:33 - [error] [mongodb4:6da6c1a91b5574b9] MongoServerSelectionError: Server selection timed out after 30000 ms
13 Apr 09:23:33 - [error] [mongodb4:6da6c1a91b5574b9] MongoServerSelectionError: Server selection timed out after 30000 ms
13 Apr 09:24:03 - [error] [mongodb4:6da6c1a91b5574b9] MongoServerSelectionError: Server selection timed out after 30000 ms
13 Apr 09:24:03 - [error] [mongodb4:6da6c1a91b5574b9] MongoServerSelectionError: Server selection timed out after 30000 ms
13 Apr 09:24:03 - [error] [mongodb4:6da6c1a91b5574b9] MongoServerSelectionError: Server selection timed out after 30000 ms
13 Apr 09:24:03 - [error] [mongodb4:6da6c1a91b5574b9] MongoServerSelectionError: Server selection timed out after 30000 ms
13 Apr 09:24:03 - [error] [mongodb4:6da6c1a91b5574b9] MongoServerSelectionError: Server selection timed out after 30000 ms
13 Apr 09:24:03 - [error] [mongodb4:6da6c1a91b5574b9] MongoServerSelectionError: Server selection timed out after 30000 ms
13 Apr 09:24:03 - [error] [mongodb4:6da6c1a91b5574b9] MongoServerSelectionError: Server selection timed out after 30000 ms
13 Apr 09:24:38 - [error] [mongodb4:6da6c1a91b5574b9] MongoServerSelectionError: Server selection timed out after 30000 ms
13 Apr 09:24:38 - [error] [mongodb4:6da6c1a91b5574b9] MongoServerSelectionError: Server selection timed out after 30000 ms
13 Apr 09:24:38 - [error] [mongodb4:6da6c1a91b5574b9] MongoServerSelectionError: Server selection timed out after 30000 ms
13 Apr 09:24:38 - [error] [mongodb4:6da6c1a91b5574b9] MongoServerSelectionError: Server selection timed out after 30000 ms
13 Apr 09:24:38 - [error] [mongodb4:6da6c1a91b5574b9] MongoServerSelectionError: Server selection timed out after 30000 ms
13 Apr 09:24:38 - [error] [mongodb4:6da6c1a91b5574b9] MongoServerSelectionError: Server selection timed out after 30000 ms
13 Apr 09:25:08 - [error] [mongodb4:6da6c1a91b5574b9] MongoServerSelectionError: Server selection timed out after 30000 ms
13 Apr 09:25:08 - [error] [mongodb4:6da6c1a91b5574b9] MongoServerSelectionError: Server selection timed out after 30000 ms
13 Apr 09:25:08 - [error] [mongodb4:6da6c1a91b5574b9] MongoServerSelectionError: Server selection timed out after 30000 ms
13 Apr 09:25:08 - [error] [mongodb4:6da6c1a91b5574b9] MongoServerSelectionError: Server selection timed out after 30000 ms
13 Apr 09:25:08 - [error] [mongodb4:6da6c1a91b5574b9] MongoServerSelectionError: Server selection timed out after 30000 ms
13 Apr 09:25:08 - [error] [mongodb4:6da6c1a91b5574b9] MongoServerSelectionError: Server selection timed out after 30000 ms
13 Apr 09:25:38 - [error] [mongodb4:6da6c1a91b5574b9] MongoServerSelectionError: connect ENETUNREACH 1.1.1.1:29017
13 Apr 09:25:38 - [error] [mongodb4:6da6c1a91b5574b9] MongoServerSelectionError: connect ENETUNREACH 1.1.1.1:29017
13 Apr 09:25:38 - [error] [mongodb4:6da6c1a91b5574b9] MongoServerSelectionError: connect ENETUNREACH 1.1.1.1:29017
13 Apr 09:25:38 - [error] [mongodb4:6da6c1a91b5574b9] MongoServerSelectionError: connect ENETUNREACH 1.1.1.1:29017
13 Apr 09:25:38 - [error] [mongodb4:6da6c1a91b5574b9] MongoServerSelectionError: connect ENETUNREACH 1.1.1.1:29017
13 Apr 09:25:38 - [error] [mongodb4:6da6c1a91b5574b9] MongoServerSelectionError: connect ENETUNREACH 1.1.1.1:29017
13 Apr 09:26:08 - [error] [mongodb4:6da6c1a91b5574b9] MongoServerSelectionError: Server selection timed out after 30000 ms
13 Apr 09:26:08 - [error] [mongodb4:6da6c1a91b5574b9] MongoServerSelectionError: Server selection timed out after 30000 ms
13 Apr 09:26:08 - [error] [mongodb4:6da6c1a91b5574b9] MongoServerSelectionError: Server selection timed out after 30000 ms
13 Apr 09:26:08 - [error] [mongodb4:6da6c1a91b5574b9] MongoServerSelectionError: Server selection timed out after 30000 ms
13 Apr 09:26:08 - [error] [mongodb4:6da6c1a91b5574b9] MongoServerSelectionError: Server selection timed out after 30000 ms
13 Apr 09:26:08 - [error] [mongodb4:6da6c1a91b5574b9] MongoServerSelectionError: Server selection timed out after 30000 ms
13 Apr 09:26:38 - [error] [mongodb4:6da6c1a91b5574b9] MongoServerSelectionError: Server selection timed out after 30000 ms
13 Apr 09:26:38 - [error] [mongodb4:6da6c1a91b5574b9] MongoServerSelectionError: Server selection timed out after 30000 ms
13 Apr 09:26:38 - [error] [mongodb4:6da6c1a91b5574b9] MongoServerSelectionError: Server selection timed out after 30000 ms
13 Apr 09:26:38 - [error] [mongodb4:6da6c1a91b5574b9] MongoServerSelectionError: Server selection timed out after 30000 ms
13 Apr 09:26:38 - [error] [mongodb4:6da6c1a91b5574b9] MongoServerSelectionError: Server selection timed out after 30000 ms
13 Apr 09:26:38 - [error] [mongodb4:6da6c1a91b5574b9] MongoServerSelectionError: Server selection timed out after 30000 ms
13 Apr 09:26:38 - [error] [mongodb4:6da6c1a91b5574b9] MongoServerSelectionError: Server selection timed out after 30000 ms
13 Apr 09:27:11 - [info] [mqtt-broker:mb] Disconnected from broker: mqtt://localhost:1773
13 Apr 09:27:13 - [error] [mongodb4:6da6c1a91b5574b9] MongoServerSelectionError: Server selection timed out after 30000 ms
13 Apr 09:27:13 - [error] [mongodb4:6da6c1a91b5574b9] MongoServerSelectionError: Server selection timed out after 30000 ms
13 Apr 09:27:13 - [error] [mongodb4:6da6c1a91b5574b9] MongoServerSelectionError: Server selection timed out after 30000 ms
13 Apr 09:27:13 - [error] [mongodb4:6da6c1a91b5574b9] MongoServerSelectionError: Server selection timed out after 30000 ms
13 Apr 09:27:13 - [error] [mongodb4:6da6c1a91b5574b9] MongoServerSelectionError: Server selection timed out after 30000 ms
13 Apr 09:27:13 - [error] [mongodb4:6da6c1a91b5574b9] MongoServerSelectionError: Server selection timed out after 30000 ms
13 Apr 09:27:26 - [info] [mqtt-broker:mb] Connected to broker: mqtt://localhost:1773
13 Apr 09:27:43 - [error] [mongodb4:6da6c1a91b5574b9] MongoServerSelectionError: Server selection timed out after 30000 ms
13 Apr 09:27:43 - [error] [mongodb4:6da6c1a91b5574b9] MongoServerSelectionError: Server selection timed out after 30000 ms
13 Apr 09:27:43 - [error] [mongodb4:6da6c1a91b5574b9] MongoServerSelectionError: Server selection timed out after 30000 ms
13 Apr 09:27:43 - [error] [mongodb4:6da6c1a91b5574b9] MongoServerSelectionError: Server selection timed out after 30000 ms
13 Apr 09:27:43 - [error] [mongodb4:6da6c1a91b5574b9] MongoServerSelectionError: Server selection timed out after 30000 ms
13 Apr 09:27:43 - [error] [mongodb4:6da6c1a91b5574b9] MongoServerSelectionError: Server selection timed out after 30000 ms
13 Apr 09:28:13 - [error] [mongodb4:6da6c1a91b5574b9] MongoServerSelectionError: Server selection timed out after 30000 ms
13 Apr 09:28:13 - [error] [mongodb4:6da6c1a91b5574b9] MongoServerSelectionError: Server selection timed out after 30000 ms
13 Apr 09:28:13 - [error] [mongodb4:6da6c1a91b5574b9] MongoServerSelectionError: Server selection timed out after 30000 ms
13 Apr 09:28:13 - [error] [mongodb4:6da6c1a91b5574b9] MongoServerSelectionError: Server selection timed out after 30000 ms
13 Apr 09:28:13 - [error] [mongodb4:6da6c1a91b5574b9] MongoServerSelectionError: Server selection timed out after 30000 ms
13 Apr 09:28:13 - [error] [mongodb4:6da6c1a91b5574b9] MongoServerSelectionError: Server selection timed out after 30000 ms
13 Apr 09:28:43 - [error] [mongodb4:6da6c1a91b5574b9] MongoServerSelectionError: Server selection timed out after 30000 ms
13 Apr 09:28:43 - [error] [mongodb4:6da6c1a91b5574b9] MongoServerSelectionError: Server selection timed out after 30000 ms
13 Apr 09:28:43 - [error] [mongodb4:6da6c1a91b5574b9] MongoServerSelectionError: Server selection timed out after 30000 ms
13 Apr 09:28:43 - [error] [mongodb4:6da6c1a91b5574b9] MongoServerSelectionError: Server selection timed out after 30000 ms
13 Apr 09:28:43 - [error] [mongodb4:6da6c1a91b5574b9] MongoServerSelectionError: Server selection timed out after 30000 ms
13 Apr 09:28:43 - [error] [mongodb4:6da6c1a91b5574b9] MongoServerSelectionError: Server selection timed out after 30000 ms
13 Apr 09:29:13 - [error] [mongodb4:6da6c1a91b5574b9] MongoServerSelectionError: Server selection timed out after 30000 ms
13 Apr 09:29:13 - [error] [mongodb4:6da6c1a91b5574b9] MongoServerSelectionError: Server selection timed out after 30000 ms
13 Apr 09:29:13 - [error] [mongodb4:6da6c1a91b5574b9] MongoServerSelectionError: Server selection timed out after 30000 ms
13 Apr 09:29:13 - [error] [mongodb4:6da6c1a91b5574b9] MongoServerSelectionError: Server selection timed out after 30000 ms
13 Apr 09:29:13 - [error] [mongodb4:6da6c1a91b5574b9] MongoServerSelectionError: Server selection timed out after 30000 ms
13 Apr 09:29:13 - [error] [mongodb4:6da6c1a91b5574b9] MongoServerSelectionError: Server selection timed out after 30000 ms
13 Apr 09:29:13 - [error] [mongodb4:6da6c1a91b5574b9] MongoServerSelectionError: Server selection timed out after 30000 ms
13 Apr 09:29:16 - [info] Stopping flows
13 Apr 09:29:16 - [info] [mongodb4-client:botqadb] client closed
13 Apr 09:29:16 - [info] [mongodb4-client:botdb] client closed
13 Apr 09:29:16 - [info] [mqtt-broker:mb] Disconnected from broker: mqtt://localhost:1773
13 Apr 09:29:16 - [info] Stopped flows
13 Apr 09:29:16 - [info] Updated flows
13 Apr 09:29:16 - [info] Starting flows
13 Apr 09:29:16 - [info] [mongodb4-client:botqadb] client initialized with app name 'nodered-1z3re83d'
13 Apr 09:29:16 - [info] [mongodb4-client:botdb] client initialized with app name 'nodered-h13pv2el'
13 Apr 09:29:16 - [info] Started flows
13 Apr 09:29:16 - [info] [mqtt-broker:mb] Connected to broker: mqtt://localhost:1773
13 Apr 09:50:23 - [info] [mqtt-broker:mb] Disconnected from broker: mqtt://localhost:1773
13 Apr 09:50:38 - [info] [mqtt-broker:mb] Connected to broker: mqtt://localhost:1773
13 Apr 10:36:09 - [info] [mqtt-broker:mb] Disconnected from broker: mqtt://localhost:1773
13 Apr 10:36:24 - [info] [mqtt-broker:mb] Connected to broker: mqtt://localhost:1773
13 Apr 10:36:58 - [info] [mqtt-broker:mb] Disconnected from broker: mqtt://localhost:1773
13 Apr 10:37:28 - [info] [mqtt-broker:mb] Connected to broker: mqtt://localhost:1773
