13 Apr 09:09:54 - [info] 

Welcome to Node-RED
===================

13 Apr 09:09:54 - [info] Node-RED version: v3.1.8
13 Apr 09:09:54 - [info] Node.js  version: v16.13.0
13 Apr 09:09:54 - [info] Linux 6.5.0-1013-raspi arm64 LE
13 Apr 09:09:58 - [info] Loading palette nodes
13 Apr 09:10:10 - [info] Dashboard version 3.6.5 started at /ui
13 Apr 09:10:13 - [info] Settings file  : /rules/bots/bot10/.node-red/settings.js
13 Apr 09:10:13 - [info] Context store  : 'default' [module=memory]
13 Apr 09:10:13 - [info] User directory : /rules/bots/bot10
13 Apr 09:10:13 - [warn] Projects disabled : set editorTheme.projects.enabled=true to enable
13 Apr 09:10:13 - [info] Flows file     : /rules/bots/bot10/flows_bot10.json
13 Apr 09:10:14 - [info] Server now running at http://127.0.0.1:1590/
13 Apr 09:10:14 - [warn] 

---------------------------------------------------------------------
Your flow credentials file is encrypted using a system-generated key.

If the system-generated key is lost for any reason, your credentials
file will not be recoverable, you will have to delete it and re-enter
your credentials.

You should set your own key using the 'credentialSecret' option in
your settings file. Node-RED will then re-encrypt your credentials
file using your chosen key the next time you deploy a change.
---------------------------------------------------------------------

13 Apr 09:10:14 - [info] Starting flows
13 Apr 09:10:14 - [info] [mongodb4-client:botqadb] client initialized with app name 'nodered-6kztw5vb'
13 Apr 09:10:14 - [info] [mongodb4-client:botdb] client initialized with app name 'nodered-c0at4t25'
13 Apr 09:10:15 - [info] Started flows
13 Apr 09:10:15 - [info] [mqtt-broker:mb] Connection failed to broker: mqtt://localhost:1773
13 Apr 09:10:30 - [info] [mqtt-broker:mb] Connected to broker: mqtt://localhost:1773
13 Apr 09:10:49 - [error] [mongodb4:6da6c1a91b5574b9] MongoTopologyClosedError: Topology is closed
13 Apr 09:10:49 - [error] [mongodb4:6da6c1a91b5574b9] MongoTopologyClosedError: Topology is closed
13 Apr 09:10:49 - [error] [mongodb4:6da6c1a91b5574b9] MongoTopologyClosedError: Topology is closed
13 Apr 09:10:49 - [error] [mongodb4:6da6c1a91b5574b9] MongoTopologyClosedError: Topology is closed
13 Apr 09:10:49 - [error] [mongodb4:6da6c1a91b5574b9] MongoTopologyClosedError: Topology is closed
13 Apr 09:10:49 - [error] [mongodb4:6da6c1a91b5574b9] MongoTopologyClosedError: Topology is closed
13 Apr 09:10:49 - [error] [mongodb4:6da6c1a91b5574b9] MongoServerSelectionError: Server selection timed out after 30000 ms
13 Apr 09:11:24 - [error] [mongodb4:6da6c1a91b5574b9] MongoServerSelectionError: Server selection timed out after 30000 ms
13 Apr 09:11:24 - [error] [mongodb4:6da6c1a91b5574b9] MongoServerSelectionError: Server selection timed out after 30000 ms
13 Apr 09:11:24 - [error] [mongodb4:6da6c1a91b5574b9] MongoServerSelectionError: Server selection timed out after 30000 ms
13 Apr 09:11:24 - [error] [mongodb4:6da6c1a91b5574b9] MongoServerSelectionError: Server selection timed out after 30000 ms
13 Apr 09:11:24 - [error] [mongodb4:6da6c1a91b5574b9] MongoServerSelectionError: Server selection timed out after 30000 ms
13 Apr 09:11:24 - [error] [mongodb4:6da6c1a91b5574b9] MongoServerSelectionError: Server selection timed out after 30000 ms
13 Apr 09:11:24 - [error] [mongodb4:6da6c1a91b5574b9] MongoServerSelectionError: Server selection timed out after 30000 ms
13 Apr 09:11:59 - [error] [mongodb4:6da6c1a91b5574b9] MongoServerSelectionError: Server selection timed out after 30000 ms
13 Apr 09:11:59 - [error] [mongodb4:6da6c1a91b5574b9] MongoServerSelectionError: Server selection timed out after 30000 ms
13 Apr 09:11:59 - [error] [mongodb4:6da6c1a91b5574b9] MongoServerSelectionError: Server selection timed out after 30000 ms
13 Apr 09:11:59 - [error] [mongodb4:6da6c1a91b5574b9] MongoServerSelectionError: Server selection timed out after 30000 ms
13 Apr 09:11:59 - [error] [mongodb4:6da6c1a91b5574b9] MongoServerSelectionError: Server selection timed out after 30000 ms
13 Apr 09:11:59 - [error] [mongodb4:6da6c1a91b5574b9] MongoServerSelectionError: Server selection timed out after 30000 ms
13 Apr 09:11:59 - [error] [mongodb4:6da6c1a91b5574b9] MongoServerSelectionError: Server selection timed out after 30000 ms
13 Apr 09:12:34 - [error] [mongodb4:6da6c1a91b5574b9] MongoServerSelectionError: connect ENETUNREACH 1.1.1.1:29017
13 Apr 09:12:34 - [error] [mongodb4:6da6c1a91b5574b9] MongoServerSelectionError: connect ENETUNREACH 1.1.1.1:29017
13 Apr 09:12:34 - [error] [mongodb4:6da6c1a91b5574b9] MongoServerSelectionError: connect ENETUNREACH 1.1.1.1:29017
13 Apr 09:12:34 - [error] [mongodb4:6da6c1a91b5574b9] MongoServerSelectionError: connect ENETUNREACH 1.1.1.1:29017
13 Apr 09:12:34 - [error] [mongodb4:6da6c1a91b5574b9] MongoServerSelectionError: connect ENETUNREACH 1.1.1.1:29017
13 Apr 09:12:34 - [error] [mongodb4:6da6c1a91b5574b9] MongoServerSelectionError: connect ENETUNREACH 1.1.1.1:29017
13 Apr 09:13:04 - [error] [mongodb4:6da6c1a91b5574b9] MongoServerSelectionError: Server selection timed out after 30000 ms
13 Apr 09:13:04 - [error] [mongodb4:6da6c1a91b5574b9] MongoServerSelectionError: Server selection timed out after 30000 ms
13 Apr 09:13:04 - [error] [mongodb4:6da6c1a91b5574b9] MongoServerSelectionError: Server selection timed out after 30000 ms
13 Apr 09:13:04 - [error] [mongodb4:6da6c1a91b5574b9] MongoServerSelectionError: Server selection timed out after 30000 ms
13 Apr 09:13:04 - [error] [mongodb4:6da6c1a91b5574b9] MongoServerSelectionError: Server selection timed out after 30000 ms
13 Apr 09:13:04 - [error] [mongodb4:6da6c1a91b5574b9] MongoServerSelectionError: Server selection timed out after 30000 ms
13 Apr 09:13:04 - [error] [mongodb4:6da6c1a91b5574b9] MongoServerSelectionError: Server selection timed out after 30000 ms
13 Apr 09:13:39 - [error] [mongodb4:6da6c1a91b5574b9] MongoServerSelectionError: Server selection timed out after 30000 ms
13 Apr 09:13:39 - [error] [mongodb4:6da6c1a91b5574b9] MongoServerSelectionError: Server selection timed out after 30000 ms
13 Apr 09:13:39 - [error] [mongodb4:6da6c1a91b5574b9] MongoServerSelectionError: Server selection timed out after 30000 ms
13 Apr 09:13:39 - [error] [mongodb4:6da6c1a91b5574b9] MongoServerSelectionError: Server selection timed out after 30000 ms
13 Apr 09:13:39 - [error] [mongodb4:6da6c1a91b5574b9] MongoServerSelectionError: Server selection timed out after 30000 ms
13 Apr 09:13:39 - [error] [mongodb4:6da6c1a91b5574b9] MongoServerSelectionError: Server selection timed out after 30000 ms
13 Apr 09:14:09 - [error] [mongodb4:6da6c1a91b5574b9] MongoServerSelectionError: Server selection timed out after 30000 ms
13 Apr 09:14:09 - [error] [mongodb4:6da6c1a91b5574b9] MongoServerSelectionError: Server selection timed out after 30000 ms
13 Apr 09:14:09 - [error] [mongodb4:6da6c1a91b5574b9] MongoServerSelectionError: Server selection timed out after 30000 ms
13 Apr 09:14:09 - [error] [mongodb4:6da6c1a91b5574b9] MongoServerSelectionError: Server selection timed out after 30000 ms
13 Apr 09:14:09 - [error] [mongodb4:6da6c1a91b5574b9] MongoServerSelectionError: Server selection timed out after 30000 ms
13 Apr 09:14:09 - [error] [mongodb4:6da6c1a91b5574b9] MongoServerSelectionError: Server selection timed out after 30000 ms
13 Apr 09:14:39 - [error] [mongodb4:6da6c1a91b5574b9] MongoServerSelectionError: Server selection timed out after 30000 ms
13 Apr 09:14:39 - [error] [mongodb4:6da6c1a91b5574b9] MongoServerSelectionError: Server selection timed out after 30000 ms
13 Apr 09:14:39 - [error] [mongodb4:6da6c1a91b5574b9] MongoServerSelectionError: Server selection timed out after 30000 ms
13 Apr 09:14:39 - [error] [mongodb4:6da6c1a91b5574b9] MongoServerSelectionError: Server selection timed out after 30000 ms
13 Apr 09:14:39 - [error] [mongodb4:6da6c1a91b5574b9] MongoServerSelectionError: Server selection timed out after 30000 ms
13 Apr 09:14:39 - [error] [mongodb4:6da6c1a91b5574b9] MongoServerSelectionError: Server selection timed out after 30000 ms
13 Apr 09:15:09 - [error] [mongodb4:6da6c1a91b5574b9] MongoServerSelectionError: Server selection timed out after 30000 ms
13 Apr 09:15:09 - [error] [mongodb4:6da6c1a91b5574b9] MongoServerSelectionError: Server selection timed out after 30000 ms
13 Apr 09:15:09 - [error] [mongodb4:6da6c1a91b5574b9] MongoServerSelectionError: Server selection timed out after 30000 ms
13 Apr 09:15:09 - [error] [mongodb4:6da6c1a91b5574b9] MongoServerSelectionError: Server selection timed out after 30000 ms
13 Apr 09:15:09 - [error] [mongodb4:6da6c1a91b5574b9] MongoServerSelectionError: Server selection timed out after 30000 ms
13 Apr 09:15:09 - [error] [mongodb4:6da6c1a91b5574b9] MongoServerSelectionError: Server selection timed out after 30000 ms
13 Apr 09:15:09 - [error] [mongodb4:6da6c1a91b5574b9] MongoServerSelectionError: Server selection timed out after 30000 ms
13 Apr 09:15:44 - [error] [mongodb4:6da6c1a91b5574b9] MongoServerSelectionError: Server selection timed out after 30000 ms
13 Apr 09:15:44 - [error] [mongodb4:6da6c1a91b5574b9] MongoServerSelectionError: Server selection timed out after 30000 ms
13 Apr 09:15:44 - [error] [mongodb4:6da6c1a91b5574b9] MongoServerSelectionError: Server selection timed out after 30000 ms
13 Apr 09:15:44 - [error] [mongodb4:6da6c1a91b5574b9] MongoServerSelectionError: Server selection timed out after 30000 ms
13 Apr 09:15:44 - [error] [mongodb4:6da6c1a91b5574b9] MongoServerSelectionError: Server selection timed out after 30000 ms
13 Apr 09:15:44 - [error] [mongodb4:6da6c1a91b5574b9] MongoServerSelectionError: Server selection timed out after 30000 ms
13 Apr 09:15:44 - [error] [mongodb4:6da6c1a91b5574b9] MongoServerSelectionError: Server selection timed out after 30000 ms
13 Apr 09:16:19 - [error] [mongodb4:6da6c1a91b5574b9] MongoServerSelectionError: Server selection timed out after 30000 ms
13 Apr 09:16:19 - [error] [mongodb4:6da6c1a91b5574b9] MongoServerSelectionError: Server selection timed out after 30000 ms
13 Apr 09:16:19 - [error] [mongodb4:6da6c1a91b5574b9] MongoServerSelectionError: Server selection timed out after 30000 ms
13 Apr 09:16:19 - [error] [mongodb4:6da6c1a91b5574b9] MongoServerSelectionError: Server selection timed out after 30000 ms
13 Apr 09:16:19 - [error] [mongodb4:6da6c1a91b5574b9] MongoServerSelectionError: Server selection timed out after 30000 ms
13 Apr 09:16:19 - [error] [mongodb4:6da6c1a91b5574b9] MongoServerSelectionError: Server selection timed out after 30000 ms
13 Apr 09:16:49 - [error] [mongodb4:6da6c1a91b5574b9] MongoServerSelectionError: Server selection timed out after 30000 ms
13 Apr 09:16:49 - [error] [mongodb4:6da6c1a91b5574b9] MongoServerSelectionError: Server selection timed out after 30000 ms
13 Apr 09:16:49 - [error] [mongodb4:6da6c1a91b5574b9] MongoServerSelectionError: Server selection timed out after 30000 ms
13 Apr 09:16:49 - [error] [mongodb4:6da6c1a91b5574b9] MongoServerSelectionError: Server selection timed out after 30000 ms
13 Apr 09:16:49 - [error] [mongodb4:6da6c1a91b5574b9] MongoServerSelectionError: Server selection timed out after 30000 ms
13 Apr 09:16:49 - [error] [mongodb4:6da6c1a91b5574b9] MongoServerSelectionError: Server selection timed out after 30000 ms
13 Apr 09:16:49 - [error] [mongodb4:6da6c1a91b5574b9] MongoServerSelectionError: Server selection timed out after 30000 ms
13 Apr 09:17:24 - [error] [mongodb4:6da6c1a91b5574b9] MongoServerSelectionError: Server selection timed out after 30000 ms
13 Apr 09:17:24 - [error] [mongodb4:6da6c1a91b5574b9] MongoServerSelectionError: Server selection timed out after 30000 ms
13 Apr 09:17:24 - [error] [mongodb4:6da6c1a91b5574b9] MongoServerSelectionError: Server selection timed out after 30000 ms
13 Apr 09:17:24 - [error] [mongodb4:6da6c1a91b5574b9] MongoServerSelectionError: Server selection timed out after 30000 ms
13 Apr 09:17:24 - [error] [mongodb4:6da6c1a91b5574b9] MongoServerSelectionError: Server selection timed out after 30000 ms
13 Apr 09:17:24 - [error] [mongodb4:6da6c1a91b5574b9] MongoServerSelectionError: Server selection timed out after 30000 ms
13 Apr 09:17:54 - [error] [mongodb4:6da6c1a91b5574b9] MongoServerSelectionError: Server selection timed out after 30000 ms
13 Apr 09:17:54 - [error] [mongodb4:6da6c1a91b5574b9] MongoServerSelectionError: Server selection timed out after 30000 ms
13 Apr 09:17:54 - [error] [mongodb4:6da6c1a91b5574b9] MongoServerSelectionError: Server selection timed out after 30000 ms
13 Apr 09:17:54 - [error] [mongodb4:6da6c1a91b5574b9] MongoServerSelectionError: Server selection timed out after 30000 ms
13 Apr 09:17:54 - [error] [mongodb4:6da6c1a91b5574b9] MongoServerSelectionError: Server selection timed out after 30000 ms
13 Apr 09:17:54 - [error] [mongodb4:6da6c1a91b5574b9] MongoServerSelectionError: Server selection timed out after 30000 ms
13 Apr 09:17:54 - [error] [mongodb4:6da6c1a91b5574b9] MongoServerSelectionError: Server selection timed out after 30000 ms
13 Apr 09:18:29 - [error] [mongodb4:6da6c1a91b5574b9] MongoServerSelectionError: Server selection timed out after 30000 ms
13 Apr 09:18:29 - [error] [mongodb4:6da6c1a91b5574b9] MongoServerSelectionError: Server selection timed out after 30000 ms
13 Apr 09:18:29 - [error] [mongodb4:6da6c1a91b5574b9] MongoServerSelectionError: Server selection timed out after 30000 ms
13 Apr 09:18:29 - [error] [mongodb4:6da6c1a91b5574b9] MongoServerSelectionError: Server selection timed out after 30000 ms
13 Apr 09:18:29 - [error] [mongodb4:6da6c1a91b5574b9] MongoServerSelectionError: Server selection timed out after 30000 ms
13 Apr 09:18:29 - [error] [mongodb4:6da6c1a91b5574b9] MongoServerSelectionError: Server selection timed out after 30000 ms
13 Apr 09:18:29 - [error] [mongodb4:6da6c1a91b5574b9] MongoServerSelectionError: Server selection timed out after 30000 ms
13 Apr 09:19:04 - [error] [mongodb4:6da6c1a91b5574b9] MongoServerSelectionError: Server selection timed out after 30000 ms
13 Apr 09:19:04 - [error] [mongodb4:6da6c1a91b5574b9] MongoServerSelectionError: Server selection timed out after 30000 ms
13 Apr 09:19:04 - [error] [mongodb4:6da6c1a91b5574b9] MongoServerSelectionError: Server selection timed out after 30000 ms
13 Apr 09:19:04 - [error] [mongodb4:6da6c1a91b5574b9] MongoServerSelectionError: Server selection timed out after 30000 ms
13 Apr 09:19:04 - [error] [mongodb4:6da6c1a91b5574b9] MongoServerSelectionError: Server selection timed out after 30000 ms
13 Apr 09:19:04 - [error] [mongodb4:6da6c1a91b5574b9] MongoServerSelectionError: Server selection timed out after 30000 ms
13 Apr 09:19:34 - [error] [mongodb4:6da6c1a91b5574b9] MongoServerSelectionError: Server selection timed out after 30000 ms
13 Apr 09:19:34 - [error] [mongodb4:6da6c1a91b5574b9] MongoServerSelectionError: Server selection timed out after 30000 ms
13 Apr 09:19:34 - [error] [mongodb4:6da6c1a91b5574b9] MongoServerSelectionError: Server selection timed out after 30000 ms
13 Apr 09:19:34 - [error] [mongodb4:6da6c1a91b5574b9] MongoServerSelectionError: Server selection timed out after 30000 ms
13 Apr 09:19:34 - [error] [mongodb4:6da6c1a91b5574b9] MongoServerSelectionError: Server selection timed out after 30000 ms
13 Apr 09:19:34 - [error] [mongodb4:6da6c1a91b5574b9] MongoServerSelectionError: Server selection timed out after 30000 ms
13 Apr 09:20:04 - [error] [mongodb4:6da6c1a91b5574b9] MongoServerSelectionError: Server selection timed out after 30000 ms
13 Apr 09:20:04 - [error] [mongodb4:6da6c1a91b5574b9] MongoServerSelectionError: Server selection timed out after 30000 ms
13 Apr 09:20:04 - [error] [mongodb4:6da6c1a91b5574b9] MongoServerSelectionError: Server selection timed out after 30000 ms
13 Apr 09:20:04 - [error] [mongodb4:6da6c1a91b5574b9] MongoServerSelectionError: Server selection timed out after 30000 ms
13 Apr 09:20:04 - [error] [mongodb4:6da6c1a91b5574b9] MongoServerSelectionError: Server selection timed out after 30000 ms
13 Apr 09:20:04 - [error] [mongodb4:6da6c1a91b5574b9] MongoServerSelectionError: Server selection timed out after 30000 ms
13 Apr 09:20:34 - [error] [mongodb4:6da6c1a91b5574b9] MongoServerSelectionError: connect ENETUNREACH 1.1.1.1:29017
13 Apr 09:20:34 - [error] [mongodb4:6da6c1a91b5574b9] MongoServerSelectionError: connect ENETUNREACH 1.1.1.1:29017
13 Apr 09:20:34 - [error] [mongodb4:6da6c1a91b5574b9] MongoServerSelectionError: connect ENETUNREACH 1.1.1.1:29017
13 Apr 09:20:34 - [error] [mongodb4:6da6c1a91b5574b9] MongoServerSelectionError: connect ENETUNREACH 1.1.1.1:29017
13 Apr 09:20:34 - [error] [mongodb4:6da6c1a91b5574b9] MongoServerSelectionError: connect ENETUNREACH 1.1.1.1:29017
13 Apr 09:20:34 - [error] [mongodb4:6da6c1a91b5574b9] MongoServerSelectionError: connect ENETUNREACH 1.1.1.1:29017
13 Apr 09:21:04 - [error] [mongodb4:6da6c1a91b5574b9] MongoServerSelectionError: Server selection timed out after 30000 ms
13 Apr 09:21:04 - [error] [mongodb4:6da6c1a91b5574b9] MongoServerSelectionError: Server selection timed out after 30000 ms
13 Apr 09:21:04 - [error] [mongodb4:6da6c1a91b5574b9] MongoServerSelectionError: Server selection timed out after 30000 ms
13 Apr 09:21:04 - [error] [mongodb4:6da6c1a91b5574b9] MongoServerSelectionError: Server selection timed out after 30000 ms
13 Apr 09:21:04 - [error] [mongodb4:6da6c1a91b5574b9] MongoServerSelectionError: Server selection timed out after 30000 ms
13 Apr 09:21:04 - [error] [mongodb4:6da6c1a91b5574b9] MongoServerSelectionError: Server selection timed out after 30000 ms
13 Apr 09:21:04 - [error] [mongodb4:6da6c1a91b5574b9] MongoServerSelectionError: Server selection timed out after 30000 ms
13 Apr 09:21:39 - [error] [mongodb4:6da6c1a91b5574b9] MongoServerSelectionError: Server selection timed out after 30000 ms
13 Apr 09:21:39 - [error] [mongodb4:6da6c1a91b5574b9] MongoServerSelectionError: Server selection timed out after 30000 ms
13 Apr 09:21:39 - [error] [mongodb4:6da6c1a91b5574b9] MongoServerSelectionError: Server selection timed out after 30000 ms
13 Apr 09:21:39 - [error] [mongodb4:6da6c1a91b5574b9] MongoServerSelectionError: Server selection timed out after 30000 ms
13 Apr 09:21:39 - [error] [mongodb4:6da6c1a91b5574b9] MongoServerSelectionError: Server selection timed out after 30000 ms
13 Apr 09:21:39 - [error] [mongodb4:6da6c1a91b5574b9] MongoServerSelectionError: Server selection timed out after 30000 ms
13 Apr 09:22:09 - [error] [mongodb4:6da6c1a91b5574b9] MongoServerSelectionError: Server selection timed out after 30000 ms
13 Apr 09:22:09 - [error] [mongodb4:6da6c1a91b5574b9] MongoServerSelectionError: Server selection timed out after 30000 ms
13 Apr 09:22:09 - [error] [mongodb4:6da6c1a91b5574b9] MongoServerSelectionError: Server selection timed out after 30000 ms
13 Apr 09:22:09 - [error] [mongodb4:6da6c1a91b5574b9] MongoServerSelectionError: Server selection timed out after 30000 ms
13 Apr 09:22:09 - [error] [mongodb4:6da6c1a91b5574b9] MongoServerSelectionError: Server selection timed out after 30000 ms
13 Apr 09:22:09 - [error] [mongodb4:6da6c1a91b5574b9] MongoServerSelectionError: Server selection timed out after 30000 ms
13 Apr 09:22:39 - [error] [mongodb4:6da6c1a91b5574b9] MongoServerSelectionError: Server selection timed out after 30000 ms
13 Apr 09:22:39 - [error] [mongodb4:6da6c1a91b5574b9] MongoServerSelectionError: Server selection timed out after 30000 ms
13 Apr 09:22:39 - [error] [mongodb4:6da6c1a91b5574b9] MongoServerSelectionError: Server selection timed out after 30000 ms
13 Apr 09:22:39 - [error] [mongodb4:6da6c1a91b5574b9] MongoServerSelectionError: Server selection timed out after 30000 ms
13 Apr 09:22:39 - [error] [mongodb4:6da6c1a91b5574b9] MongoServerSelectionError: Server selection timed out after 30000 ms
13 Apr 09:22:39 - [error] [mongodb4:6da6c1a91b5574b9] MongoServerSelectionError: Server selection timed out after 30000 ms
13 Apr 09:22:39 - [error] [mongodb4:6da6c1a91b5574b9] MongoServerSelectionError: Server selection timed out after 30000 ms
13 Apr 09:23:14 - [error] [mongodb4:6da6c1a91b5574b9] MongoServerSelectionError: Server selection timed out after 30000 ms
13 Apr 09:23:14 - [error] [mongodb4:6da6c1a91b5574b9] MongoServerSelectionError: Server selection timed out after 30000 ms
13 Apr 09:23:14 - [error] [mongodb4:6da6c1a91b5574b9] MongoServerSelectionError: Server selection timed out after 30000 ms
13 Apr 09:23:14 - [error] [mongodb4:6da6c1a91b5574b9] MongoServerSelectionError: Server selection timed out after 30000 ms
13 Apr 09:23:14 - [error] [mongodb4:6da6c1a91b5574b9] MongoServerSelectionError: Server selection timed out after 30000 ms
13 Apr 09:23:14 - [error] [mongodb4:6da6c1a91b5574b9] MongoServerSelectionError: Server selection timed out after 30000 ms
13 Apr 09:23:44 - [error] [mongodb4:6da6c1a91b5574b9] MongoServerSelectionError: Server selection timed out after 30000 ms
13 Apr 09:23:44 - [error] [mongodb4:6da6c1a91b5574b9] MongoServerSelectionError: Server selection timed out after 30000 ms
13 Apr 09:23:44 - [error] [mongodb4:6da6c1a91b5574b9] MongoServerSelectionError: Server selection timed out after 30000 ms
13 Apr 09:23:44 - [error] [mongodb4:6da6c1a91b5574b9] MongoServerSelectionError: Server selection timed out after 30000 ms
13 Apr 09:23:44 - [error] [mongodb4:6da6c1a91b5574b9] MongoServerSelectionError: Server selection timed out after 30000 ms
13 Apr 09:23:44 - [error] [mongodb4:6da6c1a91b5574b9] MongoServerSelectionError: Server selection timed out after 30000 ms
13 Apr 09:23:44 - [error] [mongodb4:6da6c1a91b5574b9] MongoServerSelectionError: Server selection timed out after 30000 ms
13 Apr 09:24:19 - [error] [mongodb4:6da6c1a91b5574b9] MongoServerSelectionError: connect ENETUNREACH 1.1.1.1:29017
13 Apr 09:24:19 - [error] [mongodb4:6da6c1a91b5574b9] MongoServerSelectionError: connect ENETUNREACH 1.1.1.1:29017
13 Apr 09:24:19 - [error] [mongodb4:6da6c1a91b5574b9] MongoServerSelectionError: connect ENETUNREACH 1.1.1.1:29017
13 Apr 09:24:19 - [error] [mongodb4:6da6c1a91b5574b9] MongoServerSelectionError: connect ENETUNREACH 1.1.1.1:29017
13 Apr 09:24:19 - [error] [mongodb4:6da6c1a91b5574b9] MongoServerSelectionError: connect ENETUNREACH 1.1.1.1:29017
13 Apr 09:24:19 - [error] [mongodb4:6da6c1a91b5574b9] MongoServerSelectionError: connect ENETUNREACH 1.1.1.1:29017
13 Apr 09:24:19 - [error] [mongodb4:6da6c1a91b5574b9] MongoServerSelectionError: connect ENETUNREACH 1.1.1.1:29017
13 Apr 09:24:54 - [error] [mongodb4:6da6c1a91b5574b9] MongoServerSelectionError: Server selection timed out after 30000 ms
13 Apr 09:24:54 - [error] [mongodb4:6da6c1a91b5574b9] MongoServerSelectionError: Server selection timed out after 30000 ms
13 Apr 09:24:54 - [error] [mongodb4:6da6c1a91b5574b9] MongoServerSelectionError: Server selection timed out after 30000 ms
13 Apr 09:24:54 - [error] [mongodb4:6da6c1a91b5574b9] MongoServerSelectionError: Server selection timed out after 30000 ms
13 Apr 09:24:54 - [error] [mongodb4:6da6c1a91b5574b9] MongoServerSelectionError: Server selection timed out after 30000 ms
13 Apr 09:24:54 - [error] [mongodb4:6da6c1a91b5574b9] MongoServerSelectionError: Server selection timed out after 30000 ms
13 Apr 09:24:54 - [error] [mongodb4:6da6c1a91b5574b9] MongoServerSelectionError: Server selection timed out after 30000 ms
13 Apr 09:25:29 - [error] [mongodb4:6da6c1a91b5574b9] MongoServerSelectionError: Server selection timed out after 30000 ms
13 Apr 09:25:29 - [error] [mongodb4:6da6c1a91b5574b9] MongoServerSelectionError: Server selection timed out after 30000 ms
13 Apr 09:25:29 - [error] [mongodb4:6da6c1a91b5574b9] MongoServerSelectionError: Server selection timed out after 30000 ms
13 Apr 09:25:29 - [error] [mongodb4:6da6c1a91b5574b9] MongoServerSelectionError: Server selection timed out after 30000 ms
13 Apr 09:25:29 - [error] [mongodb4:6da6c1a91b5574b9] MongoServerSelectionError: Server selection timed out after 30000 ms
13 Apr 09:25:29 - [error] [mongodb4:6da6c1a91b5574b9] MongoServerSelectionError: Server selection timed out after 30000 ms
13 Apr 09:25:59 - [error] [mongodb4:6da6c1a91b5574b9] MongoServerSelectionError: Server selection timed out after 30000 ms
13 Apr 09:25:59 - [error] [mongodb4:6da6c1a91b5574b9] MongoServerSelectionError: Server selection timed out after 30000 ms
13 Apr 09:25:59 - [error] [mongodb4:6da6c1a91b5574b9] MongoServerSelectionError: Server selection timed out after 30000 ms
13 Apr 09:25:59 - [error] [mongodb4:6da6c1a91b5574b9] MongoServerSelectionError: Server selection timed out after 30000 ms
13 Apr 09:25:59 - [error] [mongodb4:6da6c1a91b5574b9] MongoServerSelectionError: Server selection timed out after 30000 ms
13 Apr 09:25:59 - [error] [mongodb4:6da6c1a91b5574b9] MongoServerSelectionError: Server selection timed out after 30000 ms
13 Apr 09:26:29 - [error] [mongodb4:6da6c1a91b5574b9] MongoServerSelectionError: Server selection timed out after 30000 ms
13 Apr 09:26:29 - [error] [mongodb4:6da6c1a91b5574b9] MongoServerSelectionError: Server selection timed out after 30000 ms
13 Apr 09:26:29 - [error] [mongodb4:6da6c1a91b5574b9] MongoServerSelectionError: Server selection timed out after 30000 ms
13 Apr 09:26:29 - [error] [mongodb4:6da6c1a91b5574b9] MongoServerSelectionError: Server selection timed out after 30000 ms
13 Apr 09:26:29 - [error] [mongodb4:6da6c1a91b5574b9] MongoServerSelectionError: Server selection timed out after 30000 ms
13 Apr 09:26:29 - [error] [mongodb4:6da6c1a91b5574b9] MongoServerSelectionError: Server selection timed out after 30000 ms
13 Apr 09:26:59 - [error] [mongodb4:6da6c1a91b5574b9] MongoServerSelectionError: Server selection timed out after 30000 ms
13 Apr 09:26:59 - [error] [mongodb4:6da6c1a91b5574b9] MongoServerSelectionError: Server selection timed out after 30000 ms
13 Apr 09:26:59 - [error] [mongodb4:6da6c1a91b5574b9] MongoServerSelectionError: Server selection timed out after 30000 ms
13 Apr 09:26:59 - [error] [mongodb4:6da6c1a91b5574b9] MongoServerSelectionError: Server selection timed out after 30000 ms
13 Apr 09:26:59 - [error] [mongodb4:6da6c1a91b5574b9] MongoServerSelectionError: Server selection timed out after 30000 ms
13 Apr 09:26:59 - [error] [mongodb4:6da6c1a91b5574b9] MongoServerSelectionError: Server selection timed out after 30000 ms
13 Apr 09:27:11 - [info] [mqtt-broker:mb] Disconnected from broker: mqtt://localhost:1773
13 Apr 09:27:26 - [info] [mqtt-broker:mb] Connected to broker: mqtt://localhost:1773
13 Apr 09:27:29 - [error] [mongodb4:6da6c1a91b5574b9] MongoServerSelectionError: Server selection timed out after 30000 ms
13 Apr 09:27:29 - [error] [mongodb4:6da6c1a91b5574b9] MongoServerSelectionError: Server selection timed out after 30000 ms
13 Apr 09:27:29 - [error] [mongodb4:6da6c1a91b5574b9] MongoServerSelectionError: Server selection timed out after 30000 ms
13 Apr 09:27:29 - [error] [mongodb4:6da6c1a91b5574b9] MongoServerSelectionError: Server selection timed out after 30000 ms
13 Apr 09:27:29 - [error] [mongodb4:6da6c1a91b5574b9] MongoServerSelectionError: Server selection timed out after 30000 ms
13 Apr 09:27:29 - [error] [mongodb4:6da6c1a91b5574b9] MongoServerSelectionError: Server selection timed out after 30000 ms
13 Apr 09:27:59 - [error] [mongodb4:6da6c1a91b5574b9] MongoServerSelectionError: Server selection timed out after 30000 ms
13 Apr 09:27:59 - [error] [mongodb4:6da6c1a91b5574b9] MongoServerSelectionError: Server selection timed out after 30000 ms
13 Apr 09:27:59 - [error] [mongodb4:6da6c1a91b5574b9] MongoServerSelectionError: Server selection timed out after 30000 ms
13 Apr 09:27:59 - [error] [mongodb4:6da6c1a91b5574b9] MongoServerSelectionError: Server selection timed out after 30000 ms
13 Apr 09:27:59 - [error] [mongodb4:6da6c1a91b5574b9] MongoServerSelectionError: Server selection timed out after 30000 ms
13 Apr 09:27:59 - [error] [mongodb4:6da6c1a91b5574b9] MongoServerSelectionError: Server selection timed out after 30000 ms
13 Apr 09:27:59 - [error] [mongodb4:6da6c1a91b5574b9] MongoServerSelectionError: Server selection timed out after 30000 ms
13 Apr 09:28:34 - [error] [mongodb4:6da6c1a91b5574b9] MongoServerSelectionError: Server selection timed out after 30000 ms
13 Apr 09:28:34 - [error] [mongodb4:6da6c1a91b5574b9] MongoServerSelectionError: Server selection timed out after 30000 ms
13 Apr 09:28:34 - [error] [mongodb4:6da6c1a91b5574b9] MongoServerSelectionError: Server selection timed out after 30000 ms
13 Apr 09:28:34 - [error] [mongodb4:6da6c1a91b5574b9] MongoServerSelectionError: Server selection timed out after 30000 ms
13 Apr 09:28:34 - [error] [mongodb4:6da6c1a91b5574b9] MongoServerSelectionError: Server selection timed out after 30000 ms
13 Apr 09:28:34 - [error] [mongodb4:6da6c1a91b5574b9] MongoServerSelectionError: Server selection timed out after 30000 ms
13 Apr 09:28:34 - [error] [mongodb4:6da6c1a91b5574b9] MongoServerSelectionError: Server selection timed out after 30000 ms
13 Apr 09:29:09 - [error] [mongodb4:6da6c1a91b5574b9] MongoServerSelectionError: Server selection timed out after 30000 ms
13 Apr 09:29:09 - [error] [mongodb4:6da6c1a91b5574b9] MongoServerSelectionError: Server selection timed out after 30000 ms
13 Apr 09:29:09 - [error] [mongodb4:6da6c1a91b5574b9] MongoServerSelectionError: Server selection timed out after 30000 ms
13 Apr 09:29:09 - [error] [mongodb4:6da6c1a91b5574b9] MongoServerSelectionError: Server selection timed out after 30000 ms
13 Apr 09:29:09 - [error] [mongodb4:6da6c1a91b5574b9] MongoServerSelectionError: Server selection timed out after 30000 ms
13 Apr 09:29:09 - [error] [mongodb4:6da6c1a91b5574b9] MongoServerSelectionError: Server selection timed out after 30000 ms
13 Apr 09:29:09 - [error] [mongodb4:6da6c1a91b5574b9] MongoServerSelectionError: Server selection timed out after 30000 ms
13 Apr 09:29:44 - [error] [mongodb4:6da6c1a91b5574b9] MongoServerSelectionError: Server selection timed out after 30000 ms
13 Apr 09:29:44 - [error] [mongodb4:6da6c1a91b5574b9] MongoServerSelectionError: Server selection timed out after 30000 ms
13 Apr 09:29:44 - [error] [mongodb4:6da6c1a91b5574b9] MongoServerSelectionError: Server selection timed out after 30000 ms
13 Apr 09:29:44 - [error] [mongodb4:6da6c1a91b5574b9] MongoServerSelectionError: Server selection timed out after 30000 ms
13 Apr 09:29:44 - [error] [mongodb4:6da6c1a91b5574b9] MongoServerSelectionError: Server selection timed out after 30000 ms
13 Apr 09:29:44 - [error] [mongodb4:6da6c1a91b5574b9] MongoServerSelectionError: Server selection timed out after 30000 ms
13 Apr 09:29:44 - [error] [mongodb4:6da6c1a91b5574b9] MongoServerSelectionError: Server selection timed out after 30000 ms
13 Apr 09:30:19 - [error] [mongodb4:6da6c1a91b5574b9] MongoServerSelectionError: Server selection timed out after 30000 ms
13 Apr 09:30:19 - [error] [mongodb4:6da6c1a91b5574b9] MongoServerSelectionError: Server selection timed out after 30000 ms
13 Apr 09:30:19 - [error] [mongodb4:6da6c1a91b5574b9] MongoServerSelectionError: Server selection timed out after 30000 ms
13 Apr 09:30:19 - [error] [mongodb4:6da6c1a91b5574b9] MongoServerSelectionError: Server selection timed out after 30000 ms
13 Apr 09:30:19 - [error] [mongodb4:6da6c1a91b5574b9] MongoServerSelectionError: Server selection timed out after 30000 ms
13 Apr 09:30:19 - [error] [mongodb4:6da6c1a91b5574b9] MongoServerSelectionError: Server selection timed out after 30000 ms
13 Apr 09:30:49 - [error] [mongodb4:6da6c1a91b5574b9] MongoServerSelectionError: Server selection timed out after 30000 ms
13 Apr 09:30:49 - [error] [mongodb4:6da6c1a91b5574b9] MongoServerSelectionError: Server selection timed out after 30000 ms
13 Apr 09:30:49 - [error] [mongodb4:6da6c1a91b5574b9] MongoServerSelectionError: Server selection timed out after 30000 ms
13 Apr 09:30:49 - [error] [mongodb4:6da6c1a91b5574b9] MongoServerSelectionError: Server selection timed out after 30000 ms
13 Apr 09:30:49 - [error] [mongodb4:6da6c1a91b5574b9] MongoServerSelectionError: Server selection timed out after 30000 ms
13 Apr 09:30:49 - [error] [mongodb4:6da6c1a91b5574b9] MongoServerSelectionError: Server selection timed out after 30000 ms
13 Apr 09:30:49 - [error] [mongodb4:6da6c1a91b5574b9] MongoServerSelectionError: Server selection timed out after 30000 ms
13 Apr 09:31:24 - [error] [mongodb4:6da6c1a91b5574b9] MongoServerSelectionError: Server selection timed out after 30000 ms
13 Apr 09:31:24 - [error] [mongodb4:6da6c1a91b5574b9] MongoServerSelectionError: Server selection timed out after 30000 ms
13 Apr 09:31:24 - [error] [mongodb4:6da6c1a91b5574b9] MongoServerSelectionError: Server selection timed out after 30000 ms
13 Apr 09:31:24 - [error] [mongodb4:6da6c1a91b5574b9] MongoServerSelectionError: Server selection timed out after 30000 ms
13 Apr 09:31:24 - [error] [mongodb4:6da6c1a91b5574b9] MongoServerSelectionError: Server selection timed out after 30000 ms
13 Apr 09:31:24 - [error] [mongodb4:6da6c1a91b5574b9] MongoServerSelectionError: Server selection timed out after 30000 ms
13 Apr 09:31:24 - [error] [mongodb4:6da6c1a91b5574b9] MongoServerSelectionError: Server selection timed out after 30000 ms
13 Apr 09:31:59 - [error] [mongodb4:6da6c1a91b5574b9] MongoServerSelectionError: Server selection timed out after 30000 ms
13 Apr 09:31:59 - [error] [mongodb4:6da6c1a91b5574b9] MongoServerSelectionError: Server selection timed out after 30000 ms
13 Apr 09:31:59 - [error] [mongodb4:6da6c1a91b5574b9] MongoServerSelectionError: Server selection timed out after 30000 ms
13 Apr 09:31:59 - [error] [mongodb4:6da6c1a91b5574b9] MongoServerSelectionError: Server selection timed out after 30000 ms
13 Apr 09:31:59 - [error] [mongodb4:6da6c1a91b5574b9] MongoServerSelectionError: Server selection timed out after 30000 ms
13 Apr 09:31:59 - [error] [mongodb4:6da6c1a91b5574b9] MongoServerSelectionError: Server selection timed out after 30000 ms
13 Apr 09:32:29 - [error] [mongodb4:6da6c1a91b5574b9] MongoServerSelectionError: Server selection timed out after 30000 ms
13 Apr 09:32:29 - [error] [mongodb4:6da6c1a91b5574b9] MongoServerSelectionError: Server selection timed out after 30000 ms
13 Apr 09:32:29 - [error] [mongodb4:6da6c1a91b5574b9] MongoServerSelectionError: Server selection timed out after 30000 ms
13 Apr 09:32:29 - [error] [mongodb4:6da6c1a91b5574b9] MongoServerSelectionError: Server selection timed out after 30000 ms
13 Apr 09:32:29 - [error] [mongodb4:6da6c1a91b5574b9] MongoServerSelectionError: Server selection timed out after 30000 ms
13 Apr 09:32:29 - [error] [mongodb4:6da6c1a91b5574b9] MongoServerSelectionError: Server selection timed out after 30000 ms
13 Apr 09:32:59 - [error] [mongodb4:6da6c1a91b5574b9] MongoServerSelectionError: Server selection timed out after 30000 ms
13 Apr 09:32:59 - [error] [mongodb4:6da6c1a91b5574b9] MongoServerSelectionError: Server selection timed out after 30000 ms
13 Apr 09:32:59 - [error] [mongodb4:6da6c1a91b5574b9] MongoServerSelectionError: Server selection timed out after 30000 ms
13 Apr 09:32:59 - [error] [mongodb4:6da6c1a91b5574b9] MongoServerSelectionError: Server selection timed out after 30000 ms
13 Apr 09:32:59 - [error] [mongodb4:6da6c1a91b5574b9] MongoServerSelectionError: Server selection timed out after 30000 ms
13 Apr 09:32:59 - [error] [mongodb4:6da6c1a91b5574b9] MongoServerSelectionError: Server selection timed out after 30000 ms
13 Apr 09:32:59 - [error] [mongodb4:6da6c1a91b5574b9] MongoServerSelectionError: Server selection timed out after 30000 ms
13 Apr 09:33:34 - [error] [mongodb4:6da6c1a91b5574b9] MongoServerSelectionError: Server selection timed out after 30000 ms
13 Apr 09:33:34 - [error] [mongodb4:6da6c1a91b5574b9] MongoServerSelectionError: Server selection timed out after 30000 ms
13 Apr 09:33:34 - [error] [mongodb4:6da6c1a91b5574b9] MongoServerSelectionError: Server selection timed out after 30000 ms
13 Apr 09:33:34 - [error] [mongodb4:6da6c1a91b5574b9] MongoServerSelectionError: Server selection timed out after 30000 ms
13 Apr 09:33:34 - [error] [mongodb4:6da6c1a91b5574b9] MongoServerSelectionError: Server selection timed out after 30000 ms
13 Apr 09:33:34 - [error] [mongodb4:6da6c1a91b5574b9] MongoServerSelectionError: Server selection timed out after 30000 ms
13 Apr 09:34:04 - [error] [mongodb4:6da6c1a91b5574b9] MongoServerSelectionError: Server selection timed out after 30000 ms
13 Apr 09:34:04 - [error] [mongodb4:6da6c1a91b5574b9] MongoServerSelectionError: Server selection timed out after 30000 ms
13 Apr 09:34:04 - [error] [mongodb4:6da6c1a91b5574b9] MongoServerSelectionError: Server selection timed out after 30000 ms
13 Apr 09:34:04 - [error] [mongodb4:6da6c1a91b5574b9] MongoServerSelectionError: Server selection timed out after 30000 ms
13 Apr 09:34:04 - [error] [mongodb4:6da6c1a91b5574b9] MongoServerSelectionError: Server selection timed out after 30000 ms
13 Apr 09:34:04 - [error] [mongodb4:6da6c1a91b5574b9] MongoServerSelectionError: Server selection timed out after 30000 ms
13 Apr 09:34:34 - [error] [mongodb4:6da6c1a91b5574b9] MongoServerSelectionError: Server selection timed out after 30000 ms
13 Apr 09:34:34 - [error] [mongodb4:6da6c1a91b5574b9] MongoServerSelectionError: Server selection timed out after 30000 ms
13 Apr 09:34:34 - [error] [mongodb4:6da6c1a91b5574b9] MongoServerSelectionError: Server selection timed out after 30000 ms
13 Apr 09:34:34 - [error] [mongodb4:6da6c1a91b5574b9] MongoServerSelectionError: Server selection timed out after 30000 ms
13 Apr 09:34:34 - [error] [mongodb4:6da6c1a91b5574b9] MongoServerSelectionError: Server selection timed out after 30000 ms
13 Apr 09:34:34 - [error] [mongodb4:6da6c1a91b5574b9] MongoServerSelectionError: Server selection timed out after 30000 ms
13 Apr 09:35:04 - [error] [mongodb4:6da6c1a91b5574b9] MongoServerSelectionError: connect ENETUNREACH 1.1.1.1:29017
13 Apr 09:35:04 - [error] [mongodb4:6da6c1a91b5574b9] MongoServerSelectionError: connect ENETUNREACH 1.1.1.1:29017
13 Apr 09:35:04 - [error] [mongodb4:6da6c1a91b5574b9] MongoServerSelectionError: connect ENETUNREACH 1.1.1.1:29017
13 Apr 09:35:04 - [error] [mongodb4:6da6c1a91b5574b9] MongoServerSelectionError: connect ENETUNREACH 1.1.1.1:29017
13 Apr 09:35:04 - [error] [mongodb4:6da6c1a91b5574b9] MongoServerSelectionError: connect ENETUNREACH 1.1.1.1:29017
13 Apr 09:35:04 - [error] [mongodb4:6da6c1a91b5574b9] MongoServerSelectionError: connect ENETUNREACH 1.1.1.1:29017
13 Apr 09:35:34 - [error] [mongodb4:6da6c1a91b5574b9] MongoServerSelectionError: connect ENETUNREACH 1.1.1.1:29017
13 Apr 09:35:34 - [error] [mongodb4:6da6c1a91b5574b9] MongoServerSelectionError: connect ENETUNREACH 1.1.1.1:29017
13 Apr 09:35:34 - [error] [mongodb4:6da6c1a91b5574b9] MongoServerSelectionError: connect ENETUNREACH 1.1.1.1:29017
13 Apr 09:35:34 - [error] [mongodb4:6da6c1a91b5574b9] MongoServerSelectionError: connect ENETUNREACH 1.1.1.1:29017
13 Apr 09:35:34 - [error] [mongodb4:6da6c1a91b5574b9] MongoServerSelectionError: connect ENETUNREACH 1.1.1.1:29017
13 Apr 09:35:34 - [error] [mongodb4:6da6c1a91b5574b9] MongoServerSelectionError: connect ENETUNREACH 1.1.1.1:29017
13 Apr 09:35:43 - [info] Stopping flows
13 Apr 09:35:43 - [info] [mongodb4-client:botqadb] client closed
13 Apr 09:35:43 - [info] [mongodb4-client:botdb] client closed
13 Apr 09:35:43 - [error] [mongodb4:6da6c1a91b5574b9] MongoTopologyClosedError: Topology is closed
13 Apr 09:35:43 - [error] [mongodb4:6da6c1a91b5574b9] MongoTopologyClosedError: Topology is closed
13 Apr 09:35:43 - [info] [mqtt-broker:mb] Disconnected from broker: mqtt://localhost:1773
13 Apr 09:35:43 - [info] Stopped flows
13 Apr 09:35:43 - [info] Updated flows
13 Apr 09:35:43 - [info] Starting flows
13 Apr 09:35:43 - [info] [mongodb4-client:botqadb] client initialized with app name 'nodered-b5r5sjsq'
13 Apr 09:35:43 - [info] [mongodb4-client:botdb] client initialized with app name 'nodered-5un8iscv'
13 Apr 09:35:43 - [info] Started flows
13 Apr 09:35:43 - [info] [mqtt-broker:mb] Connected to broker: mqtt://localhost:1773
13 Apr 09:50:23 - [info] [mqtt-broker:mb] Disconnected from broker: mqtt://localhost:1773
13 Apr 09:50:38 - [info] [mqtt-broker:mb] Connected to broker: mqtt://localhost:1773
13 Apr 10:36:09 - [info] [mqtt-broker:mb] Disconnected from broker: mqtt://localhost:1773
13 Apr 10:36:24 - [info] [mqtt-broker:mb] Connected to broker: mqtt://localhost:1773
13 Apr 10:36:58 - [info] [mqtt-broker:mb] Disconnected from broker: mqtt://localhost:1773
13 Apr 10:37:28 - [info] [mqtt-broker:mb] Connected to broker: mqtt://localhost:1773
