13 Apr 09:09:54 - [info] 

Welcome to Node-RED
===================

13 Apr 09:09:54 - [info] Node-RED version: v3.1.8
13 Apr 09:09:54 - [info] Node.js  version: v16.13.0
13 Apr 09:09:54 - [info] Linux 6.5.0-1013-raspi arm64 LE
13 Apr 09:09:58 - [info] Loading palette nodes
13 Apr 09:10:10 - [info] Dashboard version 3.6.5 started at /ui
13 Apr 09:10:14 - [info] Settings file  : /rules/bots/bot4/.node-red/settings.js
13 Apr 09:10:14 - [info] Context store  : 'default' [module=memory]
13 Apr 09:10:14 - [info] User directory : /rules/bots/bot4
13 Apr 09:10:14 - [warn] Projects disabled : set editorTheme.projects.enabled=true to enable
13 Apr 09:10:14 - [info] Flows file     : /rules/bots/bot4/flows_bot4.json
13 Apr 09:10:14 - [info] Server now running at http://127.0.0.1:1584/
13 Apr 09:10:14 - [warn] 

---------------------------------------------------------------------
Your flow credentials file is encrypted using a system-generated key.

If the system-generated key is lost for any reason, your credentials
file will not be recoverable, you will have to delete it and re-enter
your credentials.

You should set your own key using the 'credentialSecret' option in
your settings file. Node-RED will then re-encrypt your credentials
file using your chosen key the next time you deploy a change.
---------------------------------------------------------------------

13 Apr 09:10:14 - [info] Starting flows
13 Apr 09:10:14 - [info] [mongodb4-client:botqadb] client initialized with app name 'nodered-9a2hui8'
13 Apr 09:10:14 - [info] [mongodb4-client:botdb] client initialized with app name 'nodered-iuie8ppr'
13 Apr 09:10:15 - [info] Started flows
13 Apr 09:10:15 - [info] [mqtt-broker:mb] Connection failed to broker: mqtt://localhost:1773
13 Apr 09:10:30 - [info] [mqtt-broker:mb] Connected to broker: mqtt://localhost:1773
13 Apr 09:10:48 - [error] [mongodb4:6da6c1a91b5574b9] MongoTopologyClosedError: Topology is closed
13 Apr 09:10:48 - [error] [mongodb4:6da6c1a91b5574b9] MongoTopologyClosedError: Topology is closed
13 Apr 09:10:48 - [error] [mongodb4:6da6c1a91b5574b9] MongoTopologyClosedError: Topology is closed
13 Apr 09:10:48 - [error] [mongodb4:6da6c1a91b5574b9] MongoTopologyClosedError: Topology is closed
13 Apr 09:10:48 - [error] [mongodb4:6da6c1a91b5574b9] MongoTopologyClosedError: Topology is closed
13 Apr 09:10:48 - [error] [mongodb4:6da6c1a91b5574b9] MongoTopologyClosedError: Topology is closed
13 Apr 09:10:48 - [error] [mongodb4:6da6c1a91b5574b9] MongoServerSelectionError: Server selection timed out after 30000 ms
13 Apr 09:11:23 - [error] [mongodb4:6da6c1a91b5574b9] MongoServerSelectionError: Server selection timed out after 30000 ms
13 Apr 09:11:23 - [error] [mongodb4:6da6c1a91b5574b9] MongoServerSelectionError: Server selection timed out after 30000 ms
13 Apr 09:11:23 - [error] [mongodb4:6da6c1a91b5574b9] MongoServerSelectionError: Server selection timed out after 30000 ms
13 Apr 09:11:23 - [error] [mongodb4:6da6c1a91b5574b9] MongoServerSelectionError: Server selection timed out after 30000 ms
13 Apr 09:11:23 - [error] [mongodb4:6da6c1a91b5574b9] MongoServerSelectionError: Server selection timed out after 30000 ms
13 Apr 09:11:23 - [error] [mongodb4:6da6c1a91b5574b9] MongoServerSelectionError: Server selection timed out after 30000 ms
13 Apr 09:11:53 - [error] [mongodb4:6da6c1a91b5574b9] MongoServerSelectionError: Server selection timed out after 30000 ms
13 Apr 09:11:53 - [error] [mongodb4:6da6c1a91b5574b9] MongoServerSelectionError: Server selection timed out after 30000 ms
13 Apr 09:11:53 - [error] [mongodb4:6da6c1a91b5574b9] MongoServerSelectionError: Server selection timed out after 30000 ms
13 Apr 09:11:53 - [error] [mongodb4:6da6c1a91b5574b9] MongoServerSelectionError: Server selection timed out after 30000 ms
13 Apr 09:11:53 - [error] [mongodb4:6da6c1a91b5574b9] MongoServerSelectionError: Server selection timed out after 30000 ms
13 Apr 09:11:53 - [error] [mongodb4:6da6c1a91b5574b9] MongoServerSelectionError: Server selection timed out after 30000 ms
13 Apr 09:12:23 - [error] [mongodb4:6da6c1a91b5574b9] MongoServerSelectionError: Server selection timed out after 30000 ms
13 Apr 09:12:23 - [error] [mongodb4:6da6c1a91b5574b9] MongoServerSelectionError: Server selection timed out after 30000 ms
13 Apr 09:12:23 - [error] [mongodb4:6da6c1a91b5574b9] MongoServerSelectionError: Server selection timed out after 30000 ms
13 Apr 09:12:23 - [error] [mongodb4:6da6c1a91b5574b9] MongoServerSelectionError: Server selection timed out after 30000 ms
13 Apr 09:12:23 - [error] [mongodb4:6da6c1a91b5574b9] MongoServerSelectionError: Server selection timed out after 30000 ms
13 Apr 09:12:23 - [error] [mongodb4:6da6c1a91b5574b9] MongoServerSelectionError: Server selection timed out after 30000 ms
13 Apr 09:12:23 - [error] [mongodb4:6da6c1a91b5574b9] MongoServerSelectionError: Server selection timed out after 30000 ms
13 Apr 09:12:58 - [error] [mongodb4:6da6c1a91b5574b9] MongoServerSelectionError: Server selection timed out after 30000 ms
13 Apr 09:12:58 - [error] [mongodb4:6da6c1a91b5574b9] MongoServerSelectionError: Server selection timed out after 30000 ms
13 Apr 09:12:58 - [error] [mongodb4:6da6c1a91b5574b9] MongoServerSelectionError: Server selection timed out after 30000 ms
13 Apr 09:12:58 - [error] [mongodb4:6da6c1a91b5574b9] MongoServerSelectionError: Server selection timed out after 30000 ms
13 Apr 09:12:58 - [error] [mongodb4:6da6c1a91b5574b9] MongoServerSelectionError: Server selection timed out after 30000 ms
13 Apr 09:12:58 - [error] [mongodb4:6da6c1a91b5574b9] MongoServerSelectionError: Server selection timed out after 30000 ms
13 Apr 09:13:28 - [error] [mongodb4:6da6c1a91b5574b9] MongoServerSelectionError: Server selection timed out after 30000 ms
13 Apr 09:13:28 - [error] [mongodb4:6da6c1a91b5574b9] MongoServerSelectionError: Server selection timed out after 30000 ms
13 Apr 09:13:28 - [error] [mongodb4:6da6c1a91b5574b9] MongoServerSelectionError: Server selection timed out after 30000 ms
13 Apr 09:13:28 - [error] [mongodb4:6da6c1a91b5574b9] MongoServerSelectionError: Server selection timed out after 30000 ms
13 Apr 09:13:28 - [error] [mongodb4:6da6c1a91b5574b9] MongoServerSelectionError: Server selection timed out after 30000 ms
13 Apr 09:13:28 - [error] [mongodb4:6da6c1a91b5574b9] MongoServerSelectionError: Server selection timed out after 30000 ms
13 Apr 09:13:28 - [error] [mongodb4:6da6c1a91b5574b9] MongoServerSelectionError: Server selection timed out after 30000 ms
13 Apr 09:14:03 - [error] [mongodb4:6da6c1a91b5574b9] MongoServerSelectionError: Server selection timed out after 30000 ms
13 Apr 09:14:03 - [error] [mongodb4:6da6c1a91b5574b9] MongoServerSelectionError: Server selection timed out after 30000 ms
13 Apr 09:14:03 - [error] [mongodb4:6da6c1a91b5574b9] MongoServerSelectionError: Server selection timed out after 30000 ms
13 Apr 09:14:03 - [error] [mongodb4:6da6c1a91b5574b9] MongoServerSelectionError: Server selection timed out after 30000 ms
13 Apr 09:14:03 - [error] [mongodb4:6da6c1a91b5574b9] MongoServerSelectionError: Server selection timed out after 30000 ms
13 Apr 09:14:03 - [error] [mongodb4:6da6c1a91b5574b9] MongoServerSelectionError: Server selection timed out after 30000 ms
13 Apr 09:14:33 - [error] [mongodb4:6da6c1a91b5574b9] MongoServerSelectionError: connect ENETUNREACH 1.1.1.1:29017
13 Apr 09:14:33 - [error] [mongodb4:6da6c1a91b5574b9] MongoServerSelectionError: connect ENETUNREACH 1.1.1.1:29017
13 Apr 09:14:33 - [error] [mongodb4:6da6c1a91b5574b9] MongoServerSelectionError: connect ENETUNREACH 1.1.1.1:29017
13 Apr 09:14:33 - [error] [mongodb4:6da6c1a91b5574b9] MongoServerSelectionError: connect ENETUNREACH 1.1.1.1:29017
13 Apr 09:14:33 - [error] [mongodb4:6da6c1a91b5574b9] MongoServerSelectionError: connect ENETUNREACH 1.1.1.1:29017
13 Apr 09:14:33 - [error] [mongodb4:6da6c1a91b5574b9] MongoServerSelectionError: connect ENETUNREACH 1.1.1.1:29017
13 Apr 09:15:03 - [error] [mongodb4:6da6c1a91b5574b9] MongoServerSelectionError: connect ENETUNREACH 1.1.1.1:29017
13 Apr 09:15:03 - [error] [mongodb4:6da6c1a91b5574b9] MongoServerSelectionError: connect ENETUNREACH 1.1.1.1:29017
13 Apr 09:15:03 - [error] [mongodb4:6da6c1a91b5574b9] MongoServerSelectionError: connect ENETUNREACH 1.1.1.1:29017
13 Apr 09:15:03 - [error] [mongodb4:6da6c1a91b5574b9] MongoServerSelectionError: connect ENETUNREACH 1.1.1.1:29017
13 Apr 09:15:03 - [error] [mongodb4:6da6c1a91b5574b9] MongoServerSelectionError: connect ENETUNREACH 1.1.1.1:29017
13 Apr 09:15:03 - [error] [mongodb4:6da6c1a91b5574b9] MongoServerSelectionError: connect ENETUNREACH 1.1.1.1:29017
13 Apr 09:15:33 - [error] [mongodb4:6da6c1a91b5574b9] MongoServerSelectionError: Server selection timed out after 30000 ms
13 Apr 09:15:33 - [error] [mongodb4:6da6c1a91b5574b9] MongoServerSelectionError: Server selection timed out after 30000 ms
13 Apr 09:15:33 - [error] [mongodb4:6da6c1a91b5574b9] MongoServerSelectionError: Server selection timed out after 30000 ms
13 Apr 09:15:33 - [error] [mongodb4:6da6c1a91b5574b9] MongoServerSelectionError: Server selection timed out after 30000 ms
13 Apr 09:15:33 - [error] [mongodb4:6da6c1a91b5574b9] MongoServerSelectionError: Server selection timed out after 30000 ms
13 Apr 09:15:33 - [error] [mongodb4:6da6c1a91b5574b9] MongoServerSelectionError: Server selection timed out after 30000 ms
13 Apr 09:15:33 - [error] [mongodb4:6da6c1a91b5574b9] MongoServerSelectionError: Server selection timed out after 30000 ms
13 Apr 09:16:08 - [error] [mongodb4:6da6c1a91b5574b9] MongoServerSelectionError: Server selection timed out after 30000 ms
13 Apr 09:16:08 - [error] [mongodb4:6da6c1a91b5574b9] MongoServerSelectionError: Server selection timed out after 30000 ms
13 Apr 09:16:08 - [error] [mongodb4:6da6c1a91b5574b9] MongoServerSelectionError: Server selection timed out after 30000 ms
13 Apr 09:16:08 - [error] [mongodb4:6da6c1a91b5574b9] MongoServerSelectionError: Server selection timed out after 30000 ms
13 Apr 09:16:08 - [error] [mongodb4:6da6c1a91b5574b9] MongoServerSelectionError: Server selection timed out after 30000 ms
13 Apr 09:16:08 - [error] [mongodb4:6da6c1a91b5574b9] MongoServerSelectionError: Server selection timed out after 30000 ms
13 Apr 09:16:38 - [error] [mongodb4:6da6c1a91b5574b9] MongoServerSelectionError: Server selection timed out after 30000 ms
13 Apr 09:16:38 - [error] [mongodb4:6da6c1a91b5574b9] MongoServerSelectionError: Server selection timed out after 30000 ms
13 Apr 09:16:38 - [error] [mongodb4:6da6c1a91b5574b9] MongoServerSelectionError: Server selection timed out after 30000 ms
13 Apr 09:16:38 - [error] [mongodb4:6da6c1a91b5574b9] MongoServerSelectionError: Server selection timed out after 30000 ms
13 Apr 09:16:38 - [error] [mongodb4:6da6c1a91b5574b9] MongoServerSelectionError: Server selection timed out after 30000 ms
13 Apr 09:16:38 - [error] [mongodb4:6da6c1a91b5574b9] MongoServerSelectionError: Server selection timed out after 30000 ms
13 Apr 09:17:08 - [error] [mongodb4:6da6c1a91b5574b9] MongoServerSelectionError: Server selection timed out after 30000 ms
13 Apr 09:17:08 - [error] [mongodb4:6da6c1a91b5574b9] MongoServerSelectionError: Server selection timed out after 30000 ms
13 Apr 09:17:08 - [error] [mongodb4:6da6c1a91b5574b9] MongoServerSelectionError: Server selection timed out after 30000 ms
13 Apr 09:17:08 - [error] [mongodb4:6da6c1a91b5574b9] MongoServerSelectionError: Server selection timed out after 30000 ms
13 Apr 09:17:08 - [error] [mongodb4:6da6c1a91b5574b9] MongoServerSelectionError: Server selection timed out after 30000 ms
13 Apr 09:17:08 - [error] [mongodb4:6da6c1a91b5574b9] MongoServerSelectionError: Server selection timed out after 30000 ms
13 Apr 09:17:38 - [error] [mongodb4:6da6c1a91b5574b9] MongoServerSelectionError: Server selection timed out after 30000 ms
13 Apr 09:17:38 - [error] [mongodb4:6da6c1a91b5574b9] MongoServerSelectionError: Server selection timed out after 30000 ms
13 Apr 09:17:38 - [error] [mongodb4:6da6c1a91b5574b9] MongoServerSelectionError: Server selection timed out after 30000 ms
13 Apr 09:17:38 - [error] [mongodb4:6da6c1a91b5574b9] MongoServerSelectionError: Server selection timed out after 30000 ms
13 Apr 09:17:38 - [error] [mongodb4:6da6c1a91b5574b9] MongoServerSelectionError: Server selection timed out after 30000 ms
13 Apr 09:17:38 - [error] [mongodb4:6da6c1a91b5574b9] MongoServerSelectionError: Server selection timed out after 30000 ms
13 Apr 09:18:09 - [error] [mongodb4:6da6c1a91b5574b9] MongoServerSelectionError: Server selection timed out after 30000 ms
13 Apr 09:18:09 - [error] [mongodb4:6da6c1a91b5574b9] MongoServerSelectionError: Server selection timed out after 30000 ms
13 Apr 09:18:09 - [error] [mongodb4:6da6c1a91b5574b9] MongoServerSelectionError: Server selection timed out after 30000 ms
13 Apr 09:18:09 - [error] [mongodb4:6da6c1a91b5574b9] MongoServerSelectionError: Server selection timed out after 30000 ms
13 Apr 09:18:09 - [error] [mongodb4:6da6c1a91b5574b9] MongoServerSelectionError: Server selection timed out after 30000 ms
13 Apr 09:18:09 - [error] [mongodb4:6da6c1a91b5574b9] MongoServerSelectionError: Server selection timed out after 30000 ms
13 Apr 09:18:39 - [error] [mongodb4:6da6c1a91b5574b9] MongoServerSelectionError: Server selection timed out after 30000 ms
13 Apr 09:18:39 - [error] [mongodb4:6da6c1a91b5574b9] MongoServerSelectionError: Server selection timed out after 30000 ms
13 Apr 09:18:39 - [error] [mongodb4:6da6c1a91b5574b9] MongoServerSelectionError: Server selection timed out after 30000 ms
13 Apr 09:18:39 - [error] [mongodb4:6da6c1a91b5574b9] MongoServerSelectionError: Server selection timed out after 30000 ms
13 Apr 09:18:39 - [error] [mongodb4:6da6c1a91b5574b9] MongoServerSelectionError: Server selection timed out after 30000 ms
13 Apr 09:18:39 - [error] [mongodb4:6da6c1a91b5574b9] MongoServerSelectionError: Server selection timed out after 30000 ms
13 Apr 09:19:09 - [error] [mongodb4:6da6c1a91b5574b9] MongoServerSelectionError: connect ENETUNREACH 1.1.1.1:29017
13 Apr 09:19:09 - [error] [mongodb4:6da6c1a91b5574b9] MongoServerSelectionError: connect ENETUNREACH 1.1.1.1:29017
13 Apr 09:19:09 - [error] [mongodb4:6da6c1a91b5574b9] MongoServerSelectionError: connect ENETUNREACH 1.1.1.1:29017
13 Apr 09:19:09 - [error] [mongodb4:6da6c1a91b5574b9] MongoServerSelectionError: connect ENETUNREACH 1.1.1.1:29017
13 Apr 09:19:09 - [error] [mongodb4:6da6c1a91b5574b9] MongoServerSelectionError: connect ENETUNREACH 1.1.1.1:29017
13 Apr 09:19:09 - [error] [mongodb4:6da6c1a91b5574b9] MongoServerSelectionError: connect ENETUNREACH 1.1.1.1:29017
13 Apr 09:19:39 - [error] [mongodb4:6da6c1a91b5574b9] MongoServerSelectionError: Server selection timed out after 30000 ms
13 Apr 09:19:39 - [error] [mongodb4:6da6c1a91b5574b9] MongoServerSelectionError: Server selection timed out after 30000 ms
13 Apr 09:19:39 - [error] [mongodb4:6da6c1a91b5574b9] MongoServerSelectionError: Server selection timed out after 30000 ms
13 Apr 09:19:39 - [error] [mongodb4:6da6c1a91b5574b9] MongoServerSelectionError: Server selection timed out after 30000 ms
13 Apr 09:19:39 - [error] [mongodb4:6da6c1a91b5574b9] MongoServerSelectionError: Server selection timed out after 30000 ms
13 Apr 09:19:39 - [error] [mongodb4:6da6c1a91b5574b9] MongoServerSelectionError: Server selection timed out after 30000 ms
13 Apr 09:20:09 - [error] [mongodb4:6da6c1a91b5574b9] MongoServerSelectionError: Server selection timed out after 30000 ms
13 Apr 09:20:09 - [error] [mongodb4:6da6c1a91b5574b9] MongoServerSelectionError: Server selection timed out after 30000 ms
13 Apr 09:20:09 - [error] [mongodb4:6da6c1a91b5574b9] MongoServerSelectionError: Server selection timed out after 30000 ms
13 Apr 09:20:09 - [error] [mongodb4:6da6c1a91b5574b9] MongoServerSelectionError: Server selection timed out after 30000 ms
13 Apr 09:20:09 - [error] [mongodb4:6da6c1a91b5574b9] MongoServerSelectionError: Server selection timed out after 30000 ms
13 Apr 09:20:09 - [error] [mongodb4:6da6c1a91b5574b9] MongoServerSelectionError: Server selection timed out after 30000 ms
13 Apr 09:20:39 - [error] [mongodb4:6da6c1a91b5574b9] MongoServerSelectionError: Server selection timed out after 30000 ms
13 Apr 09:20:39 - [error] [mongodb4:6da6c1a91b5574b9] MongoServerSelectionError: Server selection timed out after 30000 ms
13 Apr 09:20:39 - [error] [mongodb4:6da6c1a91b5574b9] MongoServerSelectionError: Server selection timed out after 30000 ms
13 Apr 09:20:39 - [error] [mongodb4:6da6c1a91b5574b9] MongoServerSelectionError: Server selection timed out after 30000 ms
13 Apr 09:20:39 - [error] [mongodb4:6da6c1a91b5574b9] MongoServerSelectionError: Server selection timed out after 30000 ms
13 Apr 09:20:39 - [error] [mongodb4:6da6c1a91b5574b9] MongoServerSelectionError: Server selection timed out after 30000 ms
13 Apr 09:21:09 - [error] [mongodb4:6da6c1a91b5574b9] MongoServerSelectionError: Server selection timed out after 30000 ms
13 Apr 09:21:09 - [error] [mongodb4:6da6c1a91b5574b9] MongoServerSelectionError: Server selection timed out after 30000 ms
13 Apr 09:21:09 - [error] [mongodb4:6da6c1a91b5574b9] MongoServerSelectionError: Server selection timed out after 30000 ms
13 Apr 09:21:09 - [error] [mongodb4:6da6c1a91b5574b9] MongoServerSelectionError: Server selection timed out after 30000 ms
13 Apr 09:21:09 - [error] [mongodb4:6da6c1a91b5574b9] MongoServerSelectionError: Server selection timed out after 30000 ms
13 Apr 09:21:09 - [error] [mongodb4:6da6c1a91b5574b9] MongoServerSelectionError: Server selection timed out after 30000 ms
13 Apr 09:21:39 - [error] [mongodb4:6da6c1a91b5574b9] MongoServerSelectionError: Server selection timed out after 30000 ms
13 Apr 09:21:39 - [error] [mongodb4:6da6c1a91b5574b9] MongoServerSelectionError: Server selection timed out after 30000 ms
13 Apr 09:21:39 - [error] [mongodb4:6da6c1a91b5574b9] MongoServerSelectionError: Server selection timed out after 30000 ms
13 Apr 09:21:39 - [error] [mongodb4:6da6c1a91b5574b9] MongoServerSelectionError: Server selection timed out after 30000 ms
13 Apr 09:21:39 - [error] [mongodb4:6da6c1a91b5574b9] MongoServerSelectionError: Server selection timed out after 30000 ms
13 Apr 09:21:39 - [error] [mongodb4:6da6c1a91b5574b9] MongoServerSelectionError: Server selection timed out after 30000 ms
13 Apr 09:22:09 - [error] [mongodb4:6da6c1a91b5574b9] MongoServerSelectionError: Server selection timed out after 30000 ms
13 Apr 09:22:09 - [error] [mongodb4:6da6c1a91b5574b9] MongoServerSelectionError: Server selection timed out after 30000 ms
13 Apr 09:22:09 - [error] [mongodb4:6da6c1a91b5574b9] MongoServerSelectionError: Server selection timed out after 30000 ms
13 Apr 09:22:09 - [error] [mongodb4:6da6c1a91b5574b9] MongoServerSelectionError: Server selection timed out after 30000 ms
13 Apr 09:22:09 - [error] [mongodb4:6da6c1a91b5574b9] MongoServerSelectionError: Server selection timed out after 30000 ms
13 Apr 09:22:09 - [error] [mongodb4:6da6c1a91b5574b9] MongoServerSelectionError: Server selection timed out after 30000 ms
13 Apr 09:22:39 - [error] [mongodb4:6da6c1a91b5574b9] MongoServerSelectionError: Server selection timed out after 30000 ms
13 Apr 09:22:39 - [error] [mongodb4:6da6c1a91b5574b9] MongoServerSelectionError: Server selection timed out after 30000 ms
13 Apr 09:22:39 - [error] [mongodb4:6da6c1a91b5574b9] MongoServerSelectionError: Server selection timed out after 30000 ms
13 Apr 09:22:39 - [error] [mongodb4:6da6c1a91b5574b9] MongoServerSelectionError: Server selection timed out after 30000 ms
13 Apr 09:22:39 - [error] [mongodb4:6da6c1a91b5574b9] MongoServerSelectionError: Server selection timed out after 30000 ms
13 Apr 09:22:39 - [error] [mongodb4:6da6c1a91b5574b9] MongoServerSelectionError: Server selection timed out after 30000 ms
13 Apr 09:23:09 - [error] [mongodb4:6da6c1a91b5574b9] MongoServerSelectionError: Server selection timed out after 30000 ms
13 Apr 09:23:09 - [error] [mongodb4:6da6c1a91b5574b9] MongoServerSelectionError: Server selection timed out after 30000 ms
13 Apr 09:23:09 - [error] [mongodb4:6da6c1a91b5574b9] MongoServerSelectionError: Server selection timed out after 30000 ms
13 Apr 09:23:09 - [error] [mongodb4:6da6c1a91b5574b9] MongoServerSelectionError: Server selection timed out after 30000 ms
13 Apr 09:23:09 - [error] [mongodb4:6da6c1a91b5574b9] MongoServerSelectionError: Server selection timed out after 30000 ms
13 Apr 09:23:09 - [error] [mongodb4:6da6c1a91b5574b9] MongoServerSelectionError: Server selection timed out after 30000 ms
13 Apr 09:23:39 - [error] [mongodb4:6da6c1a91b5574b9] MongoServerSelectionError: Server selection timed out after 30000 ms
13 Apr 09:23:39 - [error] [mongodb4:6da6c1a91b5574b9] MongoServerSelectionError: Server selection timed out after 30000 ms
13 Apr 09:23:39 - [error] [mongodb4:6da6c1a91b5574b9] MongoServerSelectionError: Server selection timed out after 30000 ms
13 Apr 09:23:39 - [error] [mongodb4:6da6c1a91b5574b9] MongoServerSelectionError: Server selection timed out after 30000 ms
13 Apr 09:23:39 - [error] [mongodb4:6da6c1a91b5574b9] MongoServerSelectionError: Server selection timed out after 30000 ms
13 Apr 09:23:39 - [error] [mongodb4:6da6c1a91b5574b9] MongoServerSelectionError: Server selection timed out after 30000 ms
13 Apr 09:24:09 - [error] [mongodb4:6da6c1a91b5574b9] MongoServerSelectionError: Server selection timed out after 30000 ms
13 Apr 09:24:09 - [error] [mongodb4:6da6c1a91b5574b9] MongoServerSelectionError: Server selection timed out after 30000 ms
13 Apr 09:24:09 - [error] [mongodb4:6da6c1a91b5574b9] MongoServerSelectionError: Server selection timed out after 30000 ms
13 Apr 09:24:09 - [error] [mongodb4:6da6c1a91b5574b9] MongoServerSelectionError: Server selection timed out after 30000 ms
13 Apr 09:24:09 - [error] [mongodb4:6da6c1a91b5574b9] MongoServerSelectionError: Server selection timed out after 30000 ms
13 Apr 09:24:09 - [error] [mongodb4:6da6c1a91b5574b9] MongoServerSelectionError: Server selection timed out after 30000 ms
13 Apr 09:24:39 - [error] [mongodb4:6da6c1a91b5574b9] MongoServerSelectionError: Server selection timed out after 30000 ms
13 Apr 09:24:39 - [error] [mongodb4:6da6c1a91b5574b9] MongoServerSelectionError: Server selection timed out after 30000 ms
13 Apr 09:24:39 - [error] [mongodb4:6da6c1a91b5574b9] MongoServerSelectionError: Server selection timed out after 30000 ms
13 Apr 09:24:39 - [error] [mongodb4:6da6c1a91b5574b9] MongoServerSelectionError: Server selection timed out after 30000 ms
13 Apr 09:24:39 - [error] [mongodb4:6da6c1a91b5574b9] MongoServerSelectionError: Server selection timed out after 30000 ms
13 Apr 09:24:39 - [error] [mongodb4:6da6c1a91b5574b9] MongoServerSelectionError: Server selection timed out after 30000 ms
13 Apr 09:25:09 - [error] [mongodb4:6da6c1a91b5574b9] MongoServerSelectionError: Server selection timed out after 30000 ms
13 Apr 09:25:09 - [error] [mongodb4:6da6c1a91b5574b9] MongoServerSelectionError: Server selection timed out after 30000 ms
13 Apr 09:25:09 - [error] [mongodb4:6da6c1a91b5574b9] MongoServerSelectionError: Server selection timed out after 30000 ms
13 Apr 09:25:09 - [error] [mongodb4:6da6c1a91b5574b9] MongoServerSelectionError: Server selection timed out after 30000 ms
13 Apr 09:25:09 - [error] [mongodb4:6da6c1a91b5574b9] MongoServerSelectionError: Server selection timed out after 30000 ms
13 Apr 09:25:09 - [error] [mongodb4:6da6c1a91b5574b9] MongoServerSelectionError: Server selection timed out after 30000 ms
13 Apr 09:25:39 - [error] [mongodb4:6da6c1a91b5574b9] MongoServerSelectionError: Server selection timed out after 30000 ms
13 Apr 09:25:39 - [error] [mongodb4:6da6c1a91b5574b9] MongoServerSelectionError: Server selection timed out after 30000 ms
13 Apr 09:25:39 - [error] [mongodb4:6da6c1a91b5574b9] MongoServerSelectionError: Server selection timed out after 30000 ms
13 Apr 09:25:39 - [error] [mongodb4:6da6c1a91b5574b9] MongoServerSelectionError: Server selection timed out after 30000 ms
13 Apr 09:25:39 - [error] [mongodb4:6da6c1a91b5574b9] MongoServerSelectionError: Server selection timed out after 30000 ms
13 Apr 09:25:39 - [error] [mongodb4:6da6c1a91b5574b9] MongoServerSelectionError: Server selection timed out after 30000 ms
13 Apr 09:26:09 - [error] [mongodb4:6da6c1a91b5574b9] MongoServerSelectionError: Server selection timed out after 30000 ms
13 Apr 09:26:09 - [error] [mongodb4:6da6c1a91b5574b9] MongoServerSelectionError: Server selection timed out after 30000 ms
13 Apr 09:26:09 - [error] [mongodb4:6da6c1a91b5574b9] MongoServerSelectionError: Server selection timed out after 30000 ms
13 Apr 09:26:09 - [error] [mongodb4:6da6c1a91b5574b9] MongoServerSelectionError: Server selection timed out after 30000 ms
13 Apr 09:26:09 - [error] [mongodb4:6da6c1a91b5574b9] MongoServerSelectionError: Server selection timed out after 30000 ms
13 Apr 09:26:09 - [error] [mongodb4:6da6c1a91b5574b9] MongoServerSelectionError: Server selection timed out after 30000 ms
13 Apr 09:26:39 - [error] [mongodb4:6da6c1a91b5574b9] MongoServerSelectionError: Server selection timed out after 30000 ms
13 Apr 09:26:39 - [error] [mongodb4:6da6c1a91b5574b9] MongoServerSelectionError: Server selection timed out after 30000 ms
13 Apr 09:26:39 - [error] [mongodb4:6da6c1a91b5574b9] MongoServerSelectionError: Server selection timed out after 30000 ms
13 Apr 09:26:39 - [error] [mongodb4:6da6c1a91b5574b9] MongoServerSelectionError: Server selection timed out after 30000 ms
13 Apr 09:26:39 - [error] [mongodb4:6da6c1a91b5574b9] MongoServerSelectionError: Server selection timed out after 30000 ms
13 Apr 09:26:39 - [error] [mongodb4:6da6c1a91b5574b9] MongoServerSelectionError: Server selection timed out after 30000 ms
13 Apr 09:27:09 - [error] [mongodb4:6da6c1a91b5574b9] MongoServerSelectionError: Server selection timed out after 30000 ms
13 Apr 09:27:09 - [error] [mongodb4:6da6c1a91b5574b9] MongoServerSelectionError: Server selection timed out after 30000 ms
13 Apr 09:27:09 - [error] [mongodb4:6da6c1a91b5574b9] MongoServerSelectionError: Server selection timed out after 30000 ms
13 Apr 09:27:09 - [error] [mongodb4:6da6c1a91b5574b9] MongoServerSelectionError: Server selection timed out after 30000 ms
13 Apr 09:27:09 - [error] [mongodb4:6da6c1a91b5574b9] MongoServerSelectionError: Server selection timed out after 30000 ms
13 Apr 09:27:09 - [error] [mongodb4:6da6c1a91b5574b9] MongoServerSelectionError: Server selection timed out after 30000 ms
13 Apr 09:27:09 - [error] [mongodb4:6da6c1a91b5574b9] MongoServerSelectionError: Server selection timed out after 30000 ms
13 Apr 09:27:11 - [info] [mqtt-broker:mb] Disconnected from broker: mqtt://localhost:1773
13 Apr 09:27:26 - [info] [mqtt-broker:mb] Connected to broker: mqtt://localhost:1773
13 Apr 09:27:44 - [error] [mongodb4:6da6c1a91b5574b9] MongoServerSelectionError: Server selection timed out after 30000 ms
13 Apr 09:27:44 - [error] [mongodb4:6da6c1a91b5574b9] MongoServerSelectionError: Server selection timed out after 30000 ms
13 Apr 09:27:44 - [error] [mongodb4:6da6c1a91b5574b9] MongoServerSelectionError: Server selection timed out after 30000 ms
13 Apr 09:27:44 - [error] [mongodb4:6da6c1a91b5574b9] MongoServerSelectionError: Server selection timed out after 30000 ms
13 Apr 09:27:44 - [error] [mongodb4:6da6c1a91b5574b9] MongoServerSelectionError: Server selection timed out after 30000 ms
13 Apr 09:27:44 - [error] [mongodb4:6da6c1a91b5574b9] MongoServerSelectionError: Server selection timed out after 30000 ms
13 Apr 09:27:44 - [error] [mongodb4:6da6c1a91b5574b9] MongoServerSelectionError: Server selection timed out after 30000 ms
13 Apr 09:28:19 - [error] [mongodb4:6da6c1a91b5574b9] MongoServerSelectionError: connect ENETUNREACH 1.1.1.1:29017
13 Apr 09:28:19 - [error] [mongodb4:6da6c1a91b5574b9] MongoServerSelectionError: connect ENETUNREACH 1.1.1.1:29017
13 Apr 09:28:19 - [error] [mongodb4:6da6c1a91b5574b9] MongoServerSelectionError: connect ENETUNREACH 1.1.1.1:29017
13 Apr 09:28:19 - [error] [mongodb4:6da6c1a91b5574b9] MongoServerSelectionError: connect ENETUNREACH 1.1.1.1:29017
13 Apr 09:28:19 - [error] [mongodb4:6da6c1a91b5574b9] MongoServerSelectionError: connect ENETUNREACH 1.1.1.1:29017
13 Apr 09:28:19 - [error] [mongodb4:6da6c1a91b5574b9] MongoServerSelectionError: connect ENETUNREACH 1.1.1.1:29017
13 Apr 09:28:19 - [error] [mongodb4:6da6c1a91b5574b9] MongoServerSelectionError: connect ENETUNREACH 1.1.1.1:29017
13 Apr 09:28:54 - [error] [mongodb4:6da6c1a91b5574b9] MongoServerSelectionError: Server selection timed out after 30000 ms
13 Apr 09:28:54 - [error] [mongodb4:6da6c1a91b5574b9] MongoServerSelectionError: Server selection timed out after 30000 ms
13 Apr 09:28:54 - [error] [mongodb4:6da6c1a91b5574b9] MongoServerSelectionError: Server selection timed out after 30000 ms
13 Apr 09:28:54 - [error] [mongodb4:6da6c1a91b5574b9] MongoServerSelectionError: Server selection timed out after 30000 ms
13 Apr 09:28:54 - [error] [mongodb4:6da6c1a91b5574b9] MongoServerSelectionError: Server selection timed out after 30000 ms
13 Apr 09:28:54 - [error] [mongodb4:6da6c1a91b5574b9] MongoServerSelectionError: Server selection timed out after 30000 ms
13 Apr 09:29:24 - [error] [mongodb4:6da6c1a91b5574b9] MongoServerSelectionError: Server selection timed out after 30000 ms
13 Apr 09:29:24 - [error] [mongodb4:6da6c1a91b5574b9] MongoServerSelectionError: Server selection timed out after 30000 ms
13 Apr 09:29:24 - [error] [mongodb4:6da6c1a91b5574b9] MongoServerSelectionError: Server selection timed out after 30000 ms
13 Apr 09:29:24 - [error] [mongodb4:6da6c1a91b5574b9] MongoServerSelectionError: Server selection timed out after 30000 ms
13 Apr 09:29:24 - [error] [mongodb4:6da6c1a91b5574b9] MongoServerSelectionError: Server selection timed out after 30000 ms
13 Apr 09:29:24 - [error] [mongodb4:6da6c1a91b5574b9] MongoServerSelectionError: Server selection timed out after 30000 ms
13 Apr 09:29:24 - [error] [mongodb4:6da6c1a91b5574b9] MongoServerSelectionError: Server selection timed out after 30000 ms
13 Apr 09:29:59 - [error] [mongodb4:6da6c1a91b5574b9] MongoServerSelectionError: Server selection timed out after 30000 ms
13 Apr 09:29:59 - [error] [mongodb4:6da6c1a91b5574b9] MongoServerSelectionError: Server selection timed out after 30000 ms
13 Apr 09:29:59 - [error] [mongodb4:6da6c1a91b5574b9] MongoServerSelectionError: Server selection timed out after 30000 ms
13 Apr 09:29:59 - [error] [mongodb4:6da6c1a91b5574b9] MongoServerSelectionError: Server selection timed out after 30000 ms
13 Apr 09:29:59 - [error] [mongodb4:6da6c1a91b5574b9] MongoServerSelectionError: Server selection timed out after 30000 ms
13 Apr 09:29:59 - [error] [mongodb4:6da6c1a91b5574b9] MongoServerSelectionError: Server selection timed out after 30000 ms
13 Apr 09:30:29 - [error] [mongodb4:6da6c1a91b5574b9] MongoServerSelectionError: Server selection timed out after 30000 ms
13 Apr 09:30:29 - [error] [mongodb4:6da6c1a91b5574b9] MongoServerSelectionError: Server selection timed out after 30000 ms
13 Apr 09:30:29 - [error] [mongodb4:6da6c1a91b5574b9] MongoServerSelectionError: Server selection timed out after 30000 ms
13 Apr 09:30:29 - [error] [mongodb4:6da6c1a91b5574b9] MongoServerSelectionError: Server selection timed out after 30000 ms
13 Apr 09:30:29 - [error] [mongodb4:6da6c1a91b5574b9] MongoServerSelectionError: Server selection timed out after 30000 ms
13 Apr 09:30:29 - [error] [mongodb4:6da6c1a91b5574b9] MongoServerSelectionError: Server selection timed out after 30000 ms
13 Apr 09:30:29 - [error] [mongodb4:6da6c1a91b5574b9] MongoServerSelectionError: Server selection timed out after 30000 ms
13 Apr 09:31:04 - [error] [mongodb4:6da6c1a91b5574b9] MongoServerSelectionError: Server selection timed out after 30000 ms
13 Apr 09:31:04 - [error] [mongodb4:6da6c1a91b5574b9] MongoServerSelectionError: Server selection timed out after 30000 ms
13 Apr 09:31:04 - [error] [mongodb4:6da6c1a91b5574b9] MongoServerSelectionError: Server selection timed out after 30000 ms
13 Apr 09:31:04 - [error] [mongodb4:6da6c1a91b5574b9] MongoServerSelectionError: Server selection timed out after 30000 ms
13 Apr 09:31:04 - [error] [mongodb4:6da6c1a91b5574b9] MongoServerSelectionError: Server selection timed out after 30000 ms
13 Apr 09:31:04 - [error] [mongodb4:6da6c1a91b5574b9] MongoServerSelectionError: Server selection timed out after 30000 ms
13 Apr 09:31:04 - [error] [mongodb4:6da6c1a91b5574b9] MongoServerSelectionError: Server selection timed out after 30000 ms
13 Apr 09:31:39 - [error] [mongodb4:6da6c1a91b5574b9] MongoServerSelectionError: Server selection timed out after 30000 ms
13 Apr 09:31:39 - [error] [mongodb4:6da6c1a91b5574b9] MongoServerSelectionError: Server selection timed out after 30000 ms
13 Apr 09:31:39 - [error] [mongodb4:6da6c1a91b5574b9] MongoServerSelectionError: Server selection timed out after 30000 ms
13 Apr 09:31:39 - [error] [mongodb4:6da6c1a91b5574b9] MongoServerSelectionError: Server selection timed out after 30000 ms
13 Apr 09:31:39 - [error] [mongodb4:6da6c1a91b5574b9] MongoServerSelectionError: Server selection timed out after 30000 ms
13 Apr 09:31:39 - [error] [mongodb4:6da6c1a91b5574b9] MongoServerSelectionError: Server selection timed out after 30000 ms
13 Apr 09:31:39 - [error] [mongodb4:6da6c1a91b5574b9] MongoServerSelectionError: Server selection timed out after 30000 ms
13 Apr 09:32:14 - [error] [mongodb4:6da6c1a91b5574b9] MongoServerSelectionError: connect ENETUNREACH 1.1.1.1:29017
13 Apr 09:32:14 - [error] [mongodb4:6da6c1a91b5574b9] MongoServerSelectionError: connect ENETUNREACH 1.1.1.1:29017
13 Apr 09:32:14 - [error] [mongodb4:6da6c1a91b5574b9] MongoServerSelectionError: connect ENETUNREACH 1.1.1.1:29017
13 Apr 09:32:14 - [error] [mongodb4:6da6c1a91b5574b9] MongoServerSelectionError: connect ENETUNREACH 1.1.1.1:29017
13 Apr 09:32:14 - [error] [mongodb4:6da6c1a91b5574b9] MongoServerSelectionError: connect ENETUNREACH 1.1.1.1:29017
13 Apr 09:32:14 - [error] [mongodb4:6da6c1a91b5574b9] MongoServerSelectionError: connect ENETUNREACH 1.1.1.1:29017
13 Apr 09:32:14 - [error] [mongodb4:6da6c1a91b5574b9] MongoServerSelectionError: connect ENETUNREACH 1.1.1.1:29017
13 Apr 09:32:49 - [info] Stopping flows
13 Apr 09:32:49 - [info] [mongodb4-client:botqadb] client closed
13 Apr 09:32:49 - [info] [mongodb4-client:botdb] client closed
13 Apr 09:32:49 - [error] [mongodb4:6da6c1a91b5574b9] MongoTopologyClosedError: Topology is closed
13 Apr 09:32:49 - [error] [mongodb4:6da6c1a91b5574b9] MongoTopologyClosedError: Topology is closed
13 Apr 09:32:49 - [error] [mongodb4:6da6c1a91b5574b9] MongoTopologyClosedError: Topology is closed
13 Apr 09:32:49 - [error] [mongodb4:6da6c1a91b5574b9] MongoTopologyClosedError: Topology is closed
13 Apr 09:32:49 - [error] [mongodb4:6da6c1a91b5574b9] MongoTopologyClosedError: Topology is closed
13 Apr 09:32:49 - [error] [mongodb4:6da6c1a91b5574b9] MongoTopologyClosedError: Topology is closed
13 Apr 09:32:49 - [info] [mqtt-broker:mb] Disconnected from broker: mqtt://localhost:1773
13 Apr 09:32:49 - [info] Stopped flows
13 Apr 09:32:49 - [info] Updated flows
13 Apr 09:32:49 - [info] Starting flows
13 Apr 09:32:49 - [info] [mongodb4-client:botqadb] client initialized with app name 'nodered-1vpilul8'
13 Apr 09:32:49 - [info] [mongodb4-client:botdb] client initialized with app name 'nodered-7wl7dn01'
13 Apr 09:32:49 - [info] Started flows
13 Apr 09:32:49 - [info] [mqtt-broker:mb] Connected to broker: mqtt://localhost:1773
13 Apr 09:50:23 - [info] [mqtt-broker:mb] Disconnected from broker: mqtt://localhost:1773
13 Apr 09:50:38 - [info] [mqtt-broker:mb] Connected to broker: mqtt://localhost:1773
13 Apr 10:36:09 - [info] [mqtt-broker:mb] Disconnected from broker: mqtt://localhost:1773
13 Apr 10:36:24 - [info] [mqtt-broker:mb] Connected to broker: mqtt://localhost:1773
13 Apr 10:36:58 - [info] [mqtt-broker:mb] Disconnected from broker: mqtt://localhost:1773
13 Apr 10:37:28 - [info] [mqtt-broker:mb] Connected to broker: mqtt://localhost:1773
