13 Apr 09:09:54 - [info] 

Welcome to Node-RED
===================

13 Apr 09:09:54 - [info] Node-RED version: v3.1.8
13 Apr 09:09:54 - [info] Node.js  version: v16.13.0
13 Apr 09:09:54 - [info] Linux 6.5.0-1013-raspi arm64 LE
13 Apr 09:09:58 - [info] Loading palette nodes
13 Apr 09:10:10 - [info] Dashboard version 3.6.5 started at /ui
13 Apr 09:10:12 - [info] Settings file  : /rules/bots/bot3/.node-red/settings.js
13 Apr 09:10:12 - [info] Context store  : 'default' [module=memory]
13 Apr 09:10:12 - [info] User directory : /rules/bots/bot3
13 Apr 09:10:12 - [warn] Projects disabled : set editorTheme.projects.enabled=true to enable
13 Apr 09:10:12 - [info] Flows file     : /rules/bots/bot3/flows_bot3.json
13 Apr 09:10:12 - [info] Server now running at http://127.0.0.1:1583/
13 Apr 09:10:12 - [warn] 

---------------------------------------------------------------------
Your flow credentials file is encrypted using a system-generated key.

If the system-generated key is lost for any reason, your credentials
file will not be recoverable, you will have to delete it and re-enter
your credentials.

You should set your own key using the 'credentialSecret' option in
your settings file. Node-RED will then re-encrypt your credentials
file using your chosen key the next time you deploy a change.
---------------------------------------------------------------------

13 Apr 09:10:13 - [info] Starting flows
13 Apr 09:10:13 - [info] [mongodb4-client:botqadb] client initialized with app name 'nodered-ecjdc6db'
13 Apr 09:10:13 - [info] [mongodb4-client:botdb] client initialized with app name 'nodered-533mw9yc'
13 Apr 09:10:14 - [info] Started flows
13 Apr 09:10:14 - [info] [mqtt-broker:mb] Connection failed to broker: mqtt://localhost:1773
13 Apr 09:10:29 - [info] [mqtt-broker:mb] Connected to broker: mqtt://localhost:1773
13 Apr 09:10:48 - [error] [mongodb4:6da6c1a91b5574b9] MongoTopologyClosedError: Topology is closed
13 Apr 09:10:48 - [error] [mongodb4:6da6c1a91b5574b9] MongoTopologyClosedError: Topology is closed
13 Apr 09:10:48 - [error] [mongodb4:6da6c1a91b5574b9] MongoTopologyClosedError: Topology is closed
13 Apr 09:10:48 - [error] [mongodb4:6da6c1a91b5574b9] MongoTopologyClosedError: Topology is closed
13 Apr 09:10:48 - [error] [mongodb4:6da6c1a91b5574b9] MongoTopologyClosedError: Topology is closed
13 Apr 09:10:48 - [error] [mongodb4:6da6c1a91b5574b9] MongoTopologyClosedError: Topology is closed
13 Apr 09:10:48 - [error] [mongodb4:6da6c1a91b5574b9] MongoServerSelectionError: Server selection timed out after 30000 ms
13 Apr 09:11:23 - [error] [mongodb4:6da6c1a91b5574b9] MongoServerSelectionError: Server selection timed out after 30000 ms
13 Apr 09:11:23 - [error] [mongodb4:6da6c1a91b5574b9] MongoServerSelectionError: Server selection timed out after 30000 ms
13 Apr 09:11:23 - [error] [mongodb4:6da6c1a91b5574b9] MongoServerSelectionError: Server selection timed out after 30000 ms
13 Apr 09:11:23 - [error] [mongodb4:6da6c1a91b5574b9] MongoServerSelectionError: Server selection timed out after 30000 ms
13 Apr 09:11:23 - [error] [mongodb4:6da6c1a91b5574b9] MongoServerSelectionError: Server selection timed out after 30000 ms
13 Apr 09:11:23 - [error] [mongodb4:6da6c1a91b5574b9] MongoServerSelectionError: Server selection timed out after 30000 ms
13 Apr 09:11:53 - [error] [mongodb4:6da6c1a91b5574b9] MongoServerSelectionError: Server selection timed out after 30000 ms
13 Apr 09:11:53 - [error] [mongodb4:6da6c1a91b5574b9] MongoServerSelectionError: Server selection timed out after 30000 ms
13 Apr 09:11:53 - [error] [mongodb4:6da6c1a91b5574b9] MongoServerSelectionError: Server selection timed out after 30000 ms
13 Apr 09:11:53 - [error] [mongodb4:6da6c1a91b5574b9] MongoServerSelectionError: Server selection timed out after 30000 ms
13 Apr 09:11:53 - [error] [mongodb4:6da6c1a91b5574b9] MongoServerSelectionError: Server selection timed out after 30000 ms
13 Apr 09:11:53 - [error] [mongodb4:6da6c1a91b5574b9] MongoServerSelectionError: Server selection timed out after 30000 ms
13 Apr 09:12:23 - [error] [mongodb4:6da6c1a91b5574b9] MongoServerSelectionError: Server selection timed out after 30000 ms
13 Apr 09:12:23 - [error] [mongodb4:6da6c1a91b5574b9] MongoServerSelectionError: Server selection timed out after 30000 ms
13 Apr 09:12:23 - [error] [mongodb4:6da6c1a91b5574b9] MongoServerSelectionError: Server selection timed out after 30000 ms
13 Apr 09:12:23 - [error] [mongodb4:6da6c1a91b5574b9] MongoServerSelectionError: Server selection timed out after 30000 ms
13 Apr 09:12:23 - [error] [mongodb4:6da6c1a91b5574b9] MongoServerSelectionError: Server selection timed out after 30000 ms
13 Apr 09:12:23 - [error] [mongodb4:6da6c1a91b5574b9] MongoServerSelectionError: Server selection timed out after 30000 ms
13 Apr 09:12:53 - [error] [mongodb4:6da6c1a91b5574b9] MongoServerSelectionError: connect ENETUNREACH 1.1.1.1:29017
13 Apr 09:12:53 - [error] [mongodb4:6da6c1a91b5574b9] MongoServerSelectionError: connect ENETUNREACH 1.1.1.1:29017
13 Apr 09:12:53 - [error] [mongodb4:6da6c1a91b5574b9] MongoServerSelectionError: connect ENETUNREACH 1.1.1.1:29017
13 Apr 09:12:53 - [error] [mongodb4:6da6c1a91b5574b9] MongoServerSelectionError: connect ENETUNREACH 1.1.1.1:29017
13 Apr 09:12:53 - [error] [mongodb4:6da6c1a91b5574b9] MongoServerSelectionError: connect ENETUNREACH 1.1.1.1:29017
13 Apr 09:12:53 - [error] [mongodb4:6da6c1a91b5574b9] MongoServerSelectionError: connect ENETUNREACH 1.1.1.1:29017
13 Apr 09:12:53 - [error] [mongodb4:6da6c1a91b5574b9] MongoServerSelectionError: connect ENETUNREACH 1.1.1.1:29017
13 Apr 09:13:28 - [error] [mongodb4:6da6c1a91b5574b9] MongoServerSelectionError: Server selection timed out after 30000 ms
13 Apr 09:13:28 - [error] [mongodb4:6da6c1a91b5574b9] MongoServerSelectionError: Server selection timed out after 30000 ms
13 Apr 09:13:28 - [error] [mongodb4:6da6c1a91b5574b9] MongoServerSelectionError: Server selection timed out after 30000 ms
13 Apr 09:13:28 - [error] [mongodb4:6da6c1a91b5574b9] MongoServerSelectionError: Server selection timed out after 30000 ms
13 Apr 09:13:28 - [error] [mongodb4:6da6c1a91b5574b9] MongoServerSelectionError: Server selection timed out after 30000 ms
13 Apr 09:13:28 - [error] [mongodb4:6da6c1a91b5574b9] MongoServerSelectionError: Server selection timed out after 30000 ms
13 Apr 09:13:58 - [error] [mongodb4:6da6c1a91b5574b9] MongoServerSelectionError: Server selection timed out after 30000 ms
13 Apr 09:13:58 - [error] [mongodb4:6da6c1a91b5574b9] MongoServerSelectionError: Server selection timed out after 30000 ms
13 Apr 09:13:58 - [error] [mongodb4:6da6c1a91b5574b9] MongoServerSelectionError: Server selection timed out after 30000 ms
13 Apr 09:13:58 - [error] [mongodb4:6da6c1a91b5574b9] MongoServerSelectionError: Server selection timed out after 30000 ms
13 Apr 09:13:58 - [error] [mongodb4:6da6c1a91b5574b9] MongoServerSelectionError: Server selection timed out after 30000 ms
13 Apr 09:13:58 - [error] [mongodb4:6da6c1a91b5574b9] MongoServerSelectionError: Server selection timed out after 30000 ms
13 Apr 09:14:28 - [error] [mongodb4:6da6c1a91b5574b9] MongoServerSelectionError: Server selection timed out after 30000 ms
13 Apr 09:14:28 - [error] [mongodb4:6da6c1a91b5574b9] MongoServerSelectionError: Server selection timed out after 30000 ms
13 Apr 09:14:28 - [error] [mongodb4:6da6c1a91b5574b9] MongoServerSelectionError: Server selection timed out after 30000 ms
13 Apr 09:14:28 - [error] [mongodb4:6da6c1a91b5574b9] MongoServerSelectionError: Server selection timed out after 30000 ms
13 Apr 09:14:28 - [error] [mongodb4:6da6c1a91b5574b9] MongoServerSelectionError: Server selection timed out after 30000 ms
13 Apr 09:14:28 - [error] [mongodb4:6da6c1a91b5574b9] MongoServerSelectionError: Server selection timed out after 30000 ms
13 Apr 09:14:58 - [error] [mongodb4:6da6c1a91b5574b9] MongoServerSelectionError: Server selection timed out after 30000 ms
13 Apr 09:14:58 - [error] [mongodb4:6da6c1a91b5574b9] MongoServerSelectionError: Server selection timed out after 30000 ms
13 Apr 09:14:58 - [error] [mongodb4:6da6c1a91b5574b9] MongoServerSelectionError: Server selection timed out after 30000 ms
13 Apr 09:14:58 - [error] [mongodb4:6da6c1a91b5574b9] MongoServerSelectionError: Server selection timed out after 30000 ms
13 Apr 09:14:58 - [error] [mongodb4:6da6c1a91b5574b9] MongoServerSelectionError: Server selection timed out after 30000 ms
13 Apr 09:14:58 - [error] [mongodb4:6da6c1a91b5574b9] MongoServerSelectionError: Server selection timed out after 30000 ms
13 Apr 09:15:28 - [error] [mongodb4:6da6c1a91b5574b9] MongoServerSelectionError: Server selection timed out after 30000 ms
13 Apr 09:15:28 - [error] [mongodb4:6da6c1a91b5574b9] MongoServerSelectionError: Server selection timed out after 30000 ms
13 Apr 09:15:28 - [error] [mongodb4:6da6c1a91b5574b9] MongoServerSelectionError: Server selection timed out after 30000 ms
13 Apr 09:15:28 - [error] [mongodb4:6da6c1a91b5574b9] MongoServerSelectionError: Server selection timed out after 30000 ms
13 Apr 09:15:28 - [error] [mongodb4:6da6c1a91b5574b9] MongoServerSelectionError: Server selection timed out after 30000 ms
13 Apr 09:15:28 - [error] [mongodb4:6da6c1a91b5574b9] MongoServerSelectionError: Server selection timed out after 30000 ms
13 Apr 09:15:28 - [error] [mongodb4:6da6c1a91b5574b9] MongoServerSelectionError: Server selection timed out after 30000 ms
13 Apr 09:16:03 - [error] [mongodb4:6da6c1a91b5574b9] MongoServerSelectionError: Server selection timed out after 30000 ms
13 Apr 09:16:03 - [error] [mongodb4:6da6c1a91b5574b9] MongoServerSelectionError: Server selection timed out after 30000 ms
13 Apr 09:16:03 - [error] [mongodb4:6da6c1a91b5574b9] MongoServerSelectionError: Server selection timed out after 30000 ms
13 Apr 09:16:03 - [error] [mongodb4:6da6c1a91b5574b9] MongoServerSelectionError: Server selection timed out after 30000 ms
13 Apr 09:16:03 - [error] [mongodb4:6da6c1a91b5574b9] MongoServerSelectionError: Server selection timed out after 30000 ms
13 Apr 09:16:03 - [error] [mongodb4:6da6c1a91b5574b9] MongoServerSelectionError: Server selection timed out after 30000 ms
13 Apr 09:16:33 - [error] [mongodb4:6da6c1a91b5574b9] MongoServerSelectionError: Server selection timed out after 30000 ms
13 Apr 09:16:33 - [error] [mongodb4:6da6c1a91b5574b9] MongoServerSelectionError: Server selection timed out after 30000 ms
13 Apr 09:16:33 - [error] [mongodb4:6da6c1a91b5574b9] MongoServerSelectionError: Server selection timed out after 30000 ms
13 Apr 09:16:33 - [error] [mongodb4:6da6c1a91b5574b9] MongoServerSelectionError: Server selection timed out after 30000 ms
13 Apr 09:16:33 - [error] [mongodb4:6da6c1a91b5574b9] MongoServerSelectionError: Server selection timed out after 30000 ms
13 Apr 09:16:33 - [error] [mongodb4:6da6c1a91b5574b9] MongoServerSelectionError: Server selection timed out after 30000 ms
13 Apr 09:17:03 - [error] [mongodb4:6da6c1a91b5574b9] MongoServerSelectionError: connect ENETUNREACH 1.1.1.1:29017
13 Apr 09:17:03 - [error] [mongodb4:6da6c1a91b5574b9] MongoServerSelectionError: connect ENETUNREACH 1.1.1.1:29017
13 Apr 09:17:03 - [error] [mongodb4:6da6c1a91b5574b9] MongoServerSelectionError: connect ENETUNREACH 1.1.1.1:29017
13 Apr 09:17:03 - [error] [mongodb4:6da6c1a91b5574b9] MongoServerSelectionError: connect ENETUNREACH 1.1.1.1:29017
13 Apr 09:17:03 - [error] [mongodb4:6da6c1a91b5574b9] MongoServerSelectionError: connect ENETUNREACH 1.1.1.1:29017
13 Apr 09:17:03 - [error] [mongodb4:6da6c1a91b5574b9] MongoServerSelectionError: connect ENETUNREACH 1.1.1.1:29017
13 Apr 09:17:33 - [error] [mongodb4:6da6c1a91b5574b9] MongoServerSelectionError: connect ENETUNREACH 1.1.1.1:29017
13 Apr 09:17:33 - [error] [mongodb4:6da6c1a91b5574b9] MongoServerSelectionError: connect ENETUNREACH 1.1.1.1:29017
13 Apr 09:17:33 - [error] [mongodb4:6da6c1a91b5574b9] MongoServerSelectionError: connect ENETUNREACH 1.1.1.1:29017
13 Apr 09:17:33 - [error] [mongodb4:6da6c1a91b5574b9] MongoServerSelectionError: connect ENETUNREACH 1.1.1.1:29017
13 Apr 09:17:33 - [error] [mongodb4:6da6c1a91b5574b9] MongoServerSelectionError: connect ENETUNREACH 1.1.1.1:29017
13 Apr 09:17:33 - [error] [mongodb4:6da6c1a91b5574b9] MongoServerSelectionError: connect ENETUNREACH 1.1.1.1:29017
13 Apr 09:18:03 - [error] [mongodb4:6da6c1a91b5574b9] MongoServerSelectionError: connect ENETUNREACH 1.1.1.1:29017
13 Apr 09:18:03 - [error] [mongodb4:6da6c1a91b5574b9] MongoServerSelectionError: connect ENETUNREACH 1.1.1.1:29017
13 Apr 09:18:03 - [error] [mongodb4:6da6c1a91b5574b9] MongoServerSelectionError: connect ENETUNREACH 1.1.1.1:29017
13 Apr 09:18:03 - [error] [mongodb4:6da6c1a91b5574b9] MongoServerSelectionError: connect ENETUNREACH 1.1.1.1:29017
13 Apr 09:18:03 - [error] [mongodb4:6da6c1a91b5574b9] MongoServerSelectionError: connect ENETUNREACH 1.1.1.1:29017
13 Apr 09:18:03 - [error] [mongodb4:6da6c1a91b5574b9] MongoServerSelectionError: connect ENETUNREACH 1.1.1.1:29017
13 Apr 09:18:33 - [error] [mongodb4:6da6c1a91b5574b9] MongoServerSelectionError: Server selection timed out after 30000 ms
13 Apr 09:18:33 - [error] [mongodb4:6da6c1a91b5574b9] MongoServerSelectionError: Server selection timed out after 30000 ms
13 Apr 09:18:33 - [error] [mongodb4:6da6c1a91b5574b9] MongoServerSelectionError: Server selection timed out after 30000 ms
13 Apr 09:18:33 - [error] [mongodb4:6da6c1a91b5574b9] MongoServerSelectionError: Server selection timed out after 30000 ms
13 Apr 09:18:33 - [error] [mongodb4:6da6c1a91b5574b9] MongoServerSelectionError: Server selection timed out after 30000 ms
13 Apr 09:18:33 - [error] [mongodb4:6da6c1a91b5574b9] MongoServerSelectionError: Server selection timed out after 30000 ms
13 Apr 09:19:03 - [error] [mongodb4:6da6c1a91b5574b9] MongoServerSelectionError: Server selection timed out after 30000 ms
13 Apr 09:19:03 - [error] [mongodb4:6da6c1a91b5574b9] MongoServerSelectionError: Server selection timed out after 30000 ms
13 Apr 09:19:03 - [error] [mongodb4:6da6c1a91b5574b9] MongoServerSelectionError: Server selection timed out after 30000 ms
13 Apr 09:19:03 - [error] [mongodb4:6da6c1a91b5574b9] MongoServerSelectionError: Server selection timed out after 30000 ms
13 Apr 09:19:03 - [error] [mongodb4:6da6c1a91b5574b9] MongoServerSelectionError: Server selection timed out after 30000 ms
13 Apr 09:19:03 - [error] [mongodb4:6da6c1a91b5574b9] MongoServerSelectionError: Server selection timed out after 30000 ms
13 Apr 09:19:03 - [error] [mongodb4:6da6c1a91b5574b9] MongoServerSelectionError: Server selection timed out after 30000 ms
13 Apr 09:19:38 - [error] [mongodb4:6da6c1a91b5574b9] MongoServerSelectionError: Server selection timed out after 30000 ms
13 Apr 09:19:38 - [error] [mongodb4:6da6c1a91b5574b9] MongoServerSelectionError: Server selection timed out after 30000 ms
13 Apr 09:19:38 - [error] [mongodb4:6da6c1a91b5574b9] MongoServerSelectionError: Server selection timed out after 30000 ms
13 Apr 09:19:38 - [error] [mongodb4:6da6c1a91b5574b9] MongoServerSelectionError: Server selection timed out after 30000 ms
13 Apr 09:19:38 - [error] [mongodb4:6da6c1a91b5574b9] MongoServerSelectionError: Server selection timed out after 30000 ms
13 Apr 09:19:38 - [error] [mongodb4:6da6c1a91b5574b9] MongoServerSelectionError: Server selection timed out after 30000 ms
13 Apr 09:20:08 - [error] [mongodb4:6da6c1a91b5574b9] MongoServerSelectionError: Server selection timed out after 30000 ms
13 Apr 09:20:08 - [error] [mongodb4:6da6c1a91b5574b9] MongoServerSelectionError: Server selection timed out after 30000 ms
13 Apr 09:20:08 - [error] [mongodb4:6da6c1a91b5574b9] MongoServerSelectionError: Server selection timed out after 30000 ms
13 Apr 09:20:08 - [error] [mongodb4:6da6c1a91b5574b9] MongoServerSelectionError: Server selection timed out after 30000 ms
13 Apr 09:20:08 - [error] [mongodb4:6da6c1a91b5574b9] MongoServerSelectionError: Server selection timed out after 30000 ms
13 Apr 09:20:08 - [error] [mongodb4:6da6c1a91b5574b9] MongoServerSelectionError: Server selection timed out after 30000 ms
13 Apr 09:20:38 - [error] [mongodb4:6da6c1a91b5574b9] MongoServerSelectionError: Server selection timed out after 30000 ms
13 Apr 09:20:38 - [error] [mongodb4:6da6c1a91b5574b9] MongoServerSelectionError: Server selection timed out after 30000 ms
13 Apr 09:20:38 - [error] [mongodb4:6da6c1a91b5574b9] MongoServerSelectionError: Server selection timed out after 30000 ms
13 Apr 09:20:38 - [error] [mongodb4:6da6c1a91b5574b9] MongoServerSelectionError: Server selection timed out after 30000 ms
13 Apr 09:20:38 - [error] [mongodb4:6da6c1a91b5574b9] MongoServerSelectionError: Server selection timed out after 30000 ms
13 Apr 09:20:38 - [error] [mongodb4:6da6c1a91b5574b9] MongoServerSelectionError: Server selection timed out after 30000 ms
13 Apr 09:21:08 - [error] [mongodb4:6da6c1a91b5574b9] MongoServerSelectionError: Server selection timed out after 30000 ms
13 Apr 09:21:08 - [error] [mongodb4:6da6c1a91b5574b9] MongoServerSelectionError: Server selection timed out after 30000 ms
13 Apr 09:21:08 - [error] [mongodb4:6da6c1a91b5574b9] MongoServerSelectionError: Server selection timed out after 30000 ms
13 Apr 09:21:08 - [error] [mongodb4:6da6c1a91b5574b9] MongoServerSelectionError: Server selection timed out after 30000 ms
13 Apr 09:21:08 - [error] [mongodb4:6da6c1a91b5574b9] MongoServerSelectionError: Server selection timed out after 30000 ms
13 Apr 09:21:08 - [error] [mongodb4:6da6c1a91b5574b9] MongoServerSelectionError: Server selection timed out after 30000 ms
13 Apr 09:21:38 - [error] [mongodb4:6da6c1a91b5574b9] MongoServerSelectionError: Server selection timed out after 30000 ms
13 Apr 09:21:38 - [error] [mongodb4:6da6c1a91b5574b9] MongoServerSelectionError: Server selection timed out after 30000 ms
13 Apr 09:21:38 - [error] [mongodb4:6da6c1a91b5574b9] MongoServerSelectionError: Server selection timed out after 30000 ms
13 Apr 09:21:38 - [error] [mongodb4:6da6c1a91b5574b9] MongoServerSelectionError: Server selection timed out after 30000 ms
13 Apr 09:21:38 - [error] [mongodb4:6da6c1a91b5574b9] MongoServerSelectionError: Server selection timed out after 30000 ms
13 Apr 09:21:38 - [error] [mongodb4:6da6c1a91b5574b9] MongoServerSelectionError: Server selection timed out after 30000 ms
13 Apr 09:22:08 - [error] [mongodb4:6da6c1a91b5574b9] MongoServerSelectionError: Server selection timed out after 30000 ms
13 Apr 09:22:08 - [error] [mongodb4:6da6c1a91b5574b9] MongoServerSelectionError: Server selection timed out after 30000 ms
13 Apr 09:22:08 - [error] [mongodb4:6da6c1a91b5574b9] MongoServerSelectionError: Server selection timed out after 30000 ms
13 Apr 09:22:08 - [error] [mongodb4:6da6c1a91b5574b9] MongoServerSelectionError: Server selection timed out after 30000 ms
13 Apr 09:22:08 - [error] [mongodb4:6da6c1a91b5574b9] MongoServerSelectionError: Server selection timed out after 30000 ms
13 Apr 09:22:08 - [error] [mongodb4:6da6c1a91b5574b9] MongoServerSelectionError: Server selection timed out after 30000 ms
13 Apr 09:22:38 - [error] [mongodb4:6da6c1a91b5574b9] MongoServerSelectionError: connect ENETUNREACH 1.1.1.1:29017
13 Apr 09:22:38 - [error] [mongodb4:6da6c1a91b5574b9] MongoServerSelectionError: connect ENETUNREACH 1.1.1.1:29017
13 Apr 09:22:38 - [error] [mongodb4:6da6c1a91b5574b9] MongoServerSelectionError: connect ENETUNREACH 1.1.1.1:29017
13 Apr 09:22:38 - [error] [mongodb4:6da6c1a91b5574b9] MongoServerSelectionError: connect ENETUNREACH 1.1.1.1:29017
13 Apr 09:22:38 - [error] [mongodb4:6da6c1a91b5574b9] MongoServerSelectionError: connect ENETUNREACH 1.1.1.1:29017
13 Apr 09:22:38 - [error] [mongodb4:6da6c1a91b5574b9] MongoServerSelectionError: connect ENETUNREACH 1.1.1.1:29017
13 Apr 09:23:08 - [error] [mongodb4:6da6c1a91b5574b9] MongoServerSelectionError: Server selection timed out after 30000 ms
13 Apr 09:23:08 - [error] [mongodb4:6da6c1a91b5574b9] MongoServerSelectionError: Server selection timed out after 30000 ms
13 Apr 09:23:08 - [error] [mongodb4:6da6c1a91b5574b9] MongoServerSelectionError: Server selection timed out after 30000 ms
13 Apr 09:23:08 - [error] [mongodb4:6da6c1a91b5574b9] MongoServerSelectionError: Server selection timed out after 30000 ms
13 Apr 09:23:08 - [error] [mongodb4:6da6c1a91b5574b9] MongoServerSelectionError: Server selection timed out after 30000 ms
13 Apr 09:23:08 - [error] [mongodb4:6da6c1a91b5574b9] MongoServerSelectionError: Server selection timed out after 30000 ms
13 Apr 09:23:38 - [error] [mongodb4:6da6c1a91b5574b9] MongoServerSelectionError: Server selection timed out after 30000 ms
13 Apr 09:23:38 - [error] [mongodb4:6da6c1a91b5574b9] MongoServerSelectionError: Server selection timed out after 30000 ms
13 Apr 09:23:38 - [error] [mongodb4:6da6c1a91b5574b9] MongoServerSelectionError: Server selection timed out after 30000 ms
13 Apr 09:23:38 - [error] [mongodb4:6da6c1a91b5574b9] MongoServerSelectionError: Server selection timed out after 30000 ms
13 Apr 09:23:38 - [error] [mongodb4:6da6c1a91b5574b9] MongoServerSelectionError: Server selection timed out after 30000 ms
13 Apr 09:23:38 - [error] [mongodb4:6da6c1a91b5574b9] MongoServerSelectionError: Server selection timed out after 30000 ms
13 Apr 09:24:08 - [error] [mongodb4:6da6c1a91b5574b9] MongoServerSelectionError: Server selection timed out after 30000 ms
13 Apr 09:24:08 - [error] [mongodb4:6da6c1a91b5574b9] MongoServerSelectionError: Server selection timed out after 30000 ms
13 Apr 09:24:08 - [error] [mongodb4:6da6c1a91b5574b9] MongoServerSelectionError: Server selection timed out after 30000 ms
13 Apr 09:24:08 - [error] [mongodb4:6da6c1a91b5574b9] MongoServerSelectionError: Server selection timed out after 30000 ms
13 Apr 09:24:08 - [error] [mongodb4:6da6c1a91b5574b9] MongoServerSelectionError: Server selection timed out after 30000 ms
13 Apr 09:24:08 - [error] [mongodb4:6da6c1a91b5574b9] MongoServerSelectionError: Server selection timed out after 30000 ms
13 Apr 09:24:38 - [error] [mongodb4:6da6c1a91b5574b9] MongoServerSelectionError: Server selection timed out after 30000 ms
13 Apr 09:24:38 - [error] [mongodb4:6da6c1a91b5574b9] MongoServerSelectionError: Server selection timed out after 30000 ms
13 Apr 09:24:38 - [error] [mongodb4:6da6c1a91b5574b9] MongoServerSelectionError: Server selection timed out after 30000 ms
13 Apr 09:24:38 - [error] [mongodb4:6da6c1a91b5574b9] MongoServerSelectionError: Server selection timed out after 30000 ms
13 Apr 09:24:38 - [error] [mongodb4:6da6c1a91b5574b9] MongoServerSelectionError: Server selection timed out after 30000 ms
13 Apr 09:24:38 - [error] [mongodb4:6da6c1a91b5574b9] MongoServerSelectionError: Server selection timed out after 30000 ms
13 Apr 09:25:08 - [error] [mongodb4:6da6c1a91b5574b9] MongoServerSelectionError: Server selection timed out after 30000 ms
13 Apr 09:25:08 - [error] [mongodb4:6da6c1a91b5574b9] MongoServerSelectionError: Server selection timed out after 30000 ms
13 Apr 09:25:08 - [error] [mongodb4:6da6c1a91b5574b9] MongoServerSelectionError: Server selection timed out after 30000 ms
13 Apr 09:25:08 - [error] [mongodb4:6da6c1a91b5574b9] MongoServerSelectionError: Server selection timed out after 30000 ms
13 Apr 09:25:08 - [error] [mongodb4:6da6c1a91b5574b9] MongoServerSelectionError: Server selection timed out after 30000 ms
13 Apr 09:25:08 - [error] [mongodb4:6da6c1a91b5574b9] MongoServerSelectionError: Server selection timed out after 30000 ms
13 Apr 09:25:38 - [error] [mongodb4:6da6c1a91b5574b9] MongoServerSelectionError: Server selection timed out after 30000 ms
13 Apr 09:25:38 - [error] [mongodb4:6da6c1a91b5574b9] MongoServerSelectionError: Server selection timed out after 30000 ms
13 Apr 09:25:38 - [error] [mongodb4:6da6c1a91b5574b9] MongoServerSelectionError: Server selection timed out after 30000 ms
13 Apr 09:25:38 - [error] [mongodb4:6da6c1a91b5574b9] MongoServerSelectionError: Server selection timed out after 30000 ms
13 Apr 09:25:38 - [error] [mongodb4:6da6c1a91b5574b9] MongoServerSelectionError: Server selection timed out after 30000 ms
13 Apr 09:25:38 - [error] [mongodb4:6da6c1a91b5574b9] MongoServerSelectionError: Server selection timed out after 30000 ms
13 Apr 09:26:08 - [error] [mongodb4:6da6c1a91b5574b9] MongoServerSelectionError: Server selection timed out after 30000 ms
13 Apr 09:26:08 - [error] [mongodb4:6da6c1a91b5574b9] MongoServerSelectionError: Server selection timed out after 30000 ms
13 Apr 09:26:08 - [error] [mongodb4:6da6c1a91b5574b9] MongoServerSelectionError: Server selection timed out after 30000 ms
13 Apr 09:26:08 - [error] [mongodb4:6da6c1a91b5574b9] MongoServerSelectionError: Server selection timed out after 30000 ms
13 Apr 09:26:08 - [error] [mongodb4:6da6c1a91b5574b9] MongoServerSelectionError: Server selection timed out after 30000 ms
13 Apr 09:26:08 - [error] [mongodb4:6da6c1a91b5574b9] MongoServerSelectionError: Server selection timed out after 30000 ms
13 Apr 09:26:38 - [error] [mongodb4:6da6c1a91b5574b9] MongoServerSelectionError: Server selection timed out after 30000 ms
13 Apr 09:26:38 - [error] [mongodb4:6da6c1a91b5574b9] MongoServerSelectionError: Server selection timed out after 30000 ms
13 Apr 09:26:38 - [error] [mongodb4:6da6c1a91b5574b9] MongoServerSelectionError: Server selection timed out after 30000 ms
13 Apr 09:26:38 - [error] [mongodb4:6da6c1a91b5574b9] MongoServerSelectionError: Server selection timed out after 30000 ms
13 Apr 09:26:38 - [error] [mongodb4:6da6c1a91b5574b9] MongoServerSelectionError: Server selection timed out after 30000 ms
13 Apr 09:26:38 - [error] [mongodb4:6da6c1a91b5574b9] MongoServerSelectionError: Server selection timed out after 30000 ms
13 Apr 09:27:08 - [error] [mongodb4:6da6c1a91b5574b9] MongoServerSelectionError: connect ENETUNREACH 1.1.1.1:29017
13 Apr 09:27:08 - [error] [mongodb4:6da6c1a91b5574b9] MongoServerSelectionError: connect ENETUNREACH 1.1.1.1:29017
13 Apr 09:27:08 - [error] [mongodb4:6da6c1a91b5574b9] MongoServerSelectionError: connect ENETUNREACH 1.1.1.1:29017
13 Apr 09:27:08 - [error] [mongodb4:6da6c1a91b5574b9] MongoServerSelectionError: connect ENETUNREACH 1.1.1.1:29017
13 Apr 09:27:08 - [error] [mongodb4:6da6c1a91b5574b9] MongoServerSelectionError: connect ENETUNREACH 1.1.1.1:29017
13 Apr 09:27:08 - [error] [mongodb4:6da6c1a91b5574b9] MongoServerSelectionError: connect ENETUNREACH 1.1.1.1:29017
13 Apr 09:27:11 - [info] [mqtt-broker:mb] Disconnected from broker: mqtt://localhost:1773
13 Apr 09:27:26 - [info] [mqtt-broker:mb] Connected to broker: mqtt://localhost:1773
13 Apr 09:27:39 - [error] [mongodb4:6da6c1a91b5574b9] MongoServerSelectionError: connect ENETUNREACH 1.1.1.1:29017
13 Apr 09:27:39 - [error] [mongodb4:6da6c1a91b5574b9] MongoServerSelectionError: connect ENETUNREACH 1.1.1.1:29017
13 Apr 09:27:39 - [error] [mongodb4:6da6c1a91b5574b9] MongoServerSelectionError: connect ENETUNREACH 1.1.1.1:29017
13 Apr 09:27:39 - [error] [mongodb4:6da6c1a91b5574b9] MongoServerSelectionError: connect ENETUNREACH 1.1.1.1:29017
13 Apr 09:27:39 - [error] [mongodb4:6da6c1a91b5574b9] MongoServerSelectionError: connect ENETUNREACH 1.1.1.1:29017
13 Apr 09:27:39 - [error] [mongodb4:6da6c1a91b5574b9] MongoServerSelectionError: connect ENETUNREACH 1.1.1.1:29017
13 Apr 09:28:09 - [error] [mongodb4:6da6c1a91b5574b9] MongoServerSelectionError: connect ENETUNREACH 1.1.1.1:29017
13 Apr 09:28:09 - [error] [mongodb4:6da6c1a91b5574b9] MongoServerSelectionError: connect ENETUNREACH 1.1.1.1:29017
13 Apr 09:28:09 - [error] [mongodb4:6da6c1a91b5574b9] MongoServerSelectionError: connect ENETUNREACH 1.1.1.1:29017
13 Apr 09:28:09 - [error] [mongodb4:6da6c1a91b5574b9] MongoServerSelectionError: connect ENETUNREACH 1.1.1.1:29017
13 Apr 09:28:09 - [error] [mongodb4:6da6c1a91b5574b9] MongoServerSelectionError: connect ENETUNREACH 1.1.1.1:29017
13 Apr 09:28:09 - [error] [mongodb4:6da6c1a91b5574b9] MongoServerSelectionError: connect ENETUNREACH 1.1.1.1:29017
13 Apr 09:28:39 - [error] [mongodb4:6da6c1a91b5574b9] MongoServerSelectionError: Server selection timed out after 30000 ms
13 Apr 09:28:39 - [error] [mongodb4:6da6c1a91b5574b9] MongoServerSelectionError: Server selection timed out after 30000 ms
13 Apr 09:28:39 - [error] [mongodb4:6da6c1a91b5574b9] MongoServerSelectionError: Server selection timed out after 30000 ms
13 Apr 09:28:39 - [error] [mongodb4:6da6c1a91b5574b9] MongoServerSelectionError: Server selection timed out after 30000 ms
13 Apr 09:28:39 - [error] [mongodb4:6da6c1a91b5574b9] MongoServerSelectionError: Server selection timed out after 30000 ms
13 Apr 09:28:39 - [error] [mongodb4:6da6c1a91b5574b9] MongoServerSelectionError: Server selection timed out after 30000 ms
13 Apr 09:29:09 - [error] [mongodb4:6da6c1a91b5574b9] MongoServerSelectionError: Server selection timed out after 30000 ms
13 Apr 09:29:09 - [error] [mongodb4:6da6c1a91b5574b9] MongoServerSelectionError: Server selection timed out after 30000 ms
13 Apr 09:29:09 - [error] [mongodb4:6da6c1a91b5574b9] MongoServerSelectionError: Server selection timed out after 30000 ms
13 Apr 09:29:09 - [error] [mongodb4:6da6c1a91b5574b9] MongoServerSelectionError: Server selection timed out after 30000 ms
13 Apr 09:29:09 - [error] [mongodb4:6da6c1a91b5574b9] MongoServerSelectionError: Server selection timed out after 30000 ms
13 Apr 09:29:09 - [error] [mongodb4:6da6c1a91b5574b9] MongoServerSelectionError: Server selection timed out after 30000 ms
13 Apr 09:29:39 - [error] [mongodb4:6da6c1a91b5574b9] MongoServerSelectionError: Server selection timed out after 30000 ms
13 Apr 09:29:39 - [error] [mongodb4:6da6c1a91b5574b9] MongoServerSelectionError: Server selection timed out after 30000 ms
13 Apr 09:29:39 - [error] [mongodb4:6da6c1a91b5574b9] MongoServerSelectionError: Server selection timed out after 30000 ms
13 Apr 09:29:39 - [error] [mongodb4:6da6c1a91b5574b9] MongoServerSelectionError: Server selection timed out after 30000 ms
13 Apr 09:29:39 - [error] [mongodb4:6da6c1a91b5574b9] MongoServerSelectionError: Server selection timed out after 30000 ms
13 Apr 09:29:39 - [error] [mongodb4:6da6c1a91b5574b9] MongoServerSelectionError: Server selection timed out after 30000 ms
13 Apr 09:30:09 - [error] [mongodb4:6da6c1a91b5574b9] MongoServerSelectionError: Server selection timed out after 30000 ms
13 Apr 09:30:09 - [error] [mongodb4:6da6c1a91b5574b9] MongoServerSelectionError: Server selection timed out after 30000 ms
13 Apr 09:30:09 - [error] [mongodb4:6da6c1a91b5574b9] MongoServerSelectionError: Server selection timed out after 30000 ms
13 Apr 09:30:09 - [error] [mongodb4:6da6c1a91b5574b9] MongoServerSelectionError: Server selection timed out after 30000 ms
13 Apr 09:30:09 - [error] [mongodb4:6da6c1a91b5574b9] MongoServerSelectionError: Server selection timed out after 30000 ms
13 Apr 09:30:09 - [error] [mongodb4:6da6c1a91b5574b9] MongoServerSelectionError: Server selection timed out after 30000 ms
13 Apr 09:30:39 - [error] [mongodb4:6da6c1a91b5574b9] MongoServerSelectionError: Server selection timed out after 30000 ms
13 Apr 09:30:39 - [error] [mongodb4:6da6c1a91b5574b9] MongoServerSelectionError: Server selection timed out after 30000 ms
13 Apr 09:30:39 - [error] [mongodb4:6da6c1a91b5574b9] MongoServerSelectionError: Server selection timed out after 30000 ms
13 Apr 09:30:39 - [error] [mongodb4:6da6c1a91b5574b9] MongoServerSelectionError: Server selection timed out after 30000 ms
13 Apr 09:30:39 - [error] [mongodb4:6da6c1a91b5574b9] MongoServerSelectionError: Server selection timed out after 30000 ms
13 Apr 09:30:39 - [error] [mongodb4:6da6c1a91b5574b9] MongoServerSelectionError: Server selection timed out after 30000 ms
13 Apr 09:31:09 - [error] [mongodb4:6da6c1a91b5574b9] MongoServerSelectionError: Server selection timed out after 30000 ms
13 Apr 09:31:09 - [error] [mongodb4:6da6c1a91b5574b9] MongoServerSelectionError: Server selection timed out after 30000 ms
13 Apr 09:31:09 - [error] [mongodb4:6da6c1a91b5574b9] MongoServerSelectionError: Server selection timed out after 30000 ms
13 Apr 09:31:09 - [error] [mongodb4:6da6c1a91b5574b9] MongoServerSelectionError: Server selection timed out after 30000 ms
13 Apr 09:31:09 - [error] [mongodb4:6da6c1a91b5574b9] MongoServerSelectionError: Server selection timed out after 30000 ms
13 Apr 09:31:09 - [error] [mongodb4:6da6c1a91b5574b9] MongoServerSelectionError: Server selection timed out after 30000 ms
13 Apr 09:31:09 - [error] [mongodb4:6da6c1a91b5574b9] MongoServerSelectionError: Server selection timed out after 30000 ms
13 Apr 09:31:44 - [error] [mongodb4:6da6c1a91b5574b9] MongoServerSelectionError: Server selection timed out after 30000 ms
13 Apr 09:31:44 - [error] [mongodb4:6da6c1a91b5574b9] MongoServerSelectionError: Server selection timed out after 30000 ms
13 Apr 09:31:44 - [error] [mongodb4:6da6c1a91b5574b9] MongoServerSelectionError: Server selection timed out after 30000 ms
13 Apr 09:31:44 - [error] [mongodb4:6da6c1a91b5574b9] MongoServerSelectionError: Server selection timed out after 30000 ms
13 Apr 09:31:44 - [error] [mongodb4:6da6c1a91b5574b9] MongoServerSelectionError: Server selection timed out after 30000 ms
13 Apr 09:31:44 - [error] [mongodb4:6da6c1a91b5574b9] MongoServerSelectionError: Server selection timed out after 30000 ms
13 Apr 09:31:44 - [error] [mongodb4:6da6c1a91b5574b9] MongoServerSelectionError: Server selection timed out after 30000 ms
13 Apr 09:32:19 - [error] [mongodb4:6da6c1a91b5574b9] MongoServerSelectionError: connect ENETUNREACH 1.1.1.1:29017
13 Apr 09:32:19 - [error] [mongodb4:6da6c1a91b5574b9] MongoServerSelectionError: connect ENETUNREACH 1.1.1.1:29017
13 Apr 09:32:19 - [error] [mongodb4:6da6c1a91b5574b9] MongoServerSelectionError: connect ENETUNREACH 1.1.1.1:29017
13 Apr 09:32:19 - [error] [mongodb4:6da6c1a91b5574b9] MongoServerSelectionError: connect ENETUNREACH 1.1.1.1:29017
13 Apr 09:32:19 - [error] [mongodb4:6da6c1a91b5574b9] MongoServerSelectionError: connect ENETUNREACH 1.1.1.1:29017
13 Apr 09:32:19 - [error] [mongodb4:6da6c1a91b5574b9] MongoServerSelectionError: connect ENETUNREACH 1.1.1.1:29017
13 Apr 09:32:19 - [error] [mongodb4:6da6c1a91b5574b9] MongoServerSelectionError: connect ENETUNREACH 1.1.1.1:29017
13 Apr 09:32:25 - [info] Stopping flows
13 Apr 09:32:25 - [info] [mongodb4-client:botqadb] client closed
13 Apr 09:32:25 - [info] [mongodb4-client:botdb] client closed
13 Apr 09:32:25 - [error] [mongodb4:6da6c1a91b5574b9] MongoTopologyClosedError: Topology is closed
13 Apr 09:32:25 - [info] [mqtt-broker:mb] Disconnected from broker: mqtt://localhost:1773
13 Apr 09:32:25 - [info] Stopped flows
13 Apr 09:32:25 - [info] Updated flows
13 Apr 09:32:25 - [info] Starting flows
13 Apr 09:32:25 - [info] [mongodb4-client:botqadb] client initialized with app name 'nodered-7zrspwc'
13 Apr 09:32:25 - [info] [mongodb4-client:botdb] client initialized with app name 'nodered-isnp18hs'
13 Apr 09:32:25 - [info] Started flows
13 Apr 09:32:25 - [info] [mqtt-broker:mb] Connected to broker: mqtt://localhost:1773
13 Apr 09:50:23 - [info] [mqtt-broker:mb] Disconnected from broker: mqtt://localhost:1773
13 Apr 09:50:38 - [info] [mqtt-broker:mb] Connected to broker: mqtt://localhost:1773
13 Apr 10:36:09 - [info] [mqtt-broker:mb] Disconnected from broker: mqtt://localhost:1773
13 Apr 10:36:24 - [info] [mqtt-broker:mb] Connected to broker: mqtt://localhost:1773
13 Apr 10:36:58 - [info] [mqtt-broker:mb] Disconnected from broker: mqtt://localhost:1773
13 Apr 10:37:28 - [info] [mqtt-broker:mb] Connected to broker: mqtt://localhost:1773
